\BOOKMARK [0][-]{chapter*.1}{\376\377\144\130\211\201}{}% 1
\BOOKMARK [0][-]{chapter*.2}{\376\377\000A\000B\000S\000T\000R\000A\000C\000T}{}% 2
\BOOKMARK [0][-]{chapter*.3}{\376\377\143\322\126\376\124\214\226\104\210\150\156\005\123\125}{}% 3
\BOOKMARK [0][-]{chapter.1}{\376\377\176\352\213\272}{}% 4
\BOOKMARK [1][-]{section.1.1}{\376\377\170\024\172\166\141\017\116\111}{chapter.1}% 5
\BOOKMARK [1][-]{section.1.2}{\376\377\170\024\172\166\200\314\146\157\116\016\123\321\134\125\163\260\162\266}{chapter.1}% 6
\BOOKMARK [1][-]{section.1.3}{\376\377\170\024\172\166\121\205\133\271}{chapter.1}% 7
\BOOKMARK [1][-]{section.1.4}{\376\377\213\272\145\207\133\211\143\222}{chapter.1}% 8
\BOOKMARK [0][-]{chapter.2}{\376\377\000N\000F\000S\000W\000E\000s\000\040\166\204\116\373\141\017\232\330\226\066\146\076\137\017\200\375\221\317\133\210\140\122\145\271\154\325}{}% 9
\BOOKMARK [1][-]{section.2.1}{\376\377\000N\000F\000S\000W\000E\000s\166\204\000S\000A\000V\150\074\137\017\147\204\136\372}{chapter.2}% 10
\BOOKMARK [1][-]{section.2.2}{\376\377\120\205\221\314\123\366\142\337\214\061\171\273\145\143\150\074\137\017}{chapter.2}% 11
\BOOKMARK [1][-]{section.2.3}{\376\377\146\076\137\017\000\040\000S\000A\000V\000-\000R\000R\000K\000\040\117\335\176\323\147\204\150\074\137\017}{chapter.2}% 12
\BOOKMARK [1][-]{section.2.4}{\376\377\146\076\137\017\000S\000A\000V\000-\000R\000R\000K\145\271\154\325\166\204\174\276\136\246}{chapter.2}% 13
\BOOKMARK [2][-]{subsection.2.4.1}{\376\377\147\176\137\033\126\340\133\120\166\204\117\060\213\241}{section.2.4}% 14
\BOOKMARK [2][-]{subsection.2.4.2}{\376\377\146\076\137\017\000S\000A\000V\000-\000R\000R\000K\145\271\154\325\166\204\142\052\145\255\213\357\135\356}{section.2.4}% 15
\BOOKMARK [1][-]{section.2.5}{\376\377\145\160\120\074\173\227\117\213}{chapter.2}% 16
\BOOKMARK [1][-]{section.2.6}{\376\377\134\017\176\323}{chapter.2}% 17
\BOOKMARK [0][-]{chapter*.16}{\376\377\123\302\200\003\145\207\163\056}{}% 18
\BOOKMARK [0][-]{chapter*.17}{\376\377\201\364\214\042}{}% 19
\BOOKMARK [0][-]{chapter*.19}{\376\377\127\050\150\041\147\037\225\364\166\204\171\321\170\024\142\020\147\234}{}% 20
