This is XeTeX, Version 3.141592653-2.6-0.999994 (TeX Live 2022) (preloaded format=xelatex 2022.10.20)  21 MAR 2024 21:04
entering extended mode
 restricted \write18 enabled.
 file:line:error style messages enabled.
 %&-line parsing enabled.
**c:/Users/肖瑞/Desktop/杨丁运行版本/10636_20210801068_LW
(c:/Users/肖瑞/Desktop/杨丁运行版本/10636_20210801068_LW.tex
LaTeX2e <2022-06-01> patch level 5
L3 programming layer <2022-09-28> (c:/texlive/2022/texmf-dist/tex/latex/ctex/ctexbook.cls (c:/texlive/2022/texmf-dist/tex/latex/ctex/config/ctexbackend.cfg
File: ctexbackend.cfg 2022/07/14 v2.5.10 Backend configuration file (CTEX)
) (c:/texlive/2022/texmf-dist/tex/latex/l3kernel/expl3.sty
Package: expl3 2022-09-28 L3 programming layer (loader) 
 (c:/texlive/2022/texmf-dist/tex/latex/l3backend/l3backend-xetex.def
File: l3backend-xetex.def 2022-09-28 L3 backend support: XeTeX
\g__graphics_track_int=\count181
\l__pdf_internal_box=\box51
\g__pdf_backend_object_int=\count182
\g__pdf_backend_annotation_int=\count183
\g__pdf_backend_link_int=\count184
))
Document Class: ctexbook 2022/07/14 v2.5.10 Chinese adapter for class book (CTEX)
(c:/texlive/2022/texmf-dist/tex/latex/ctex/ctexhook.sty
Package: ctexhook 2022/07/14 v2.5.10 Document and package hooks (CTEX)
) (c:/texlive/2022/texmf-dist/tex/latex/ctex/ctexpatch.sty
Package: ctexpatch 2022/07/14 v2.5.10 Patching commands (CTEX)
) (c:/texlive/2022/texmf-dist/tex/latex/base/fix-cm.sty
Package: fix-cm 2020/11/24 v1.1t fixes to LaTeX
 (c:/texlive/2022/texmf-dist/tex/latex/base/ts1enc.def
File: ts1enc.def 2001/06/05 v3.0e (jk/car/fm) Standard LaTeX file
LaTeX Font Info:    Redeclaring font encoding TS1 on input line 47.
))
\l__ctex_tmp_int=\count185
\l__ctex_tmp_box=\box52
\l__ctex_tmp_dim=\dimen138
\g__ctex_section_depth_int=\count186
\g__ctex_font_size_int=\count187
 (c:/texlive/2022/texmf-dist/tex/latex/ctex/config/ctexopts.cfg
File: ctexopts.cfg 2022/07/14 v2.5.10 Option configuration file (CTEX)
)

Class ctexbook Warning: Option `cs4size' is deprecated.
(ctexbook)              Option `zihao=-4' is set.

(c:/texlive/2022/texmf-dist/tex/latex/base/book.cls
Document Class: book 2021/10/04 v1.4n Standard LaTeX document class
(c:/texlive/2022/texmf-dist/tex/latex/base/bk12.clo
File: bk12.clo 2021/10/04 v1.4n Standard LaTeX file (size option)
)
\c@part=\count188
\c@chapter=\count189
\c@section=\count190
\c@subsection=\count191
\c@subsubsection=\count192
\c@paragraph=\count193
\c@subparagraph=\count194
\c@figure=\count195
\c@table=\count196
\abovecaptionskip=\skip47
\belowcaptionskip=\skip48
\bibindent=\dimen139
) (c:/texlive/2022/texmf-dist/tex/latex/ctex/engine/ctex-engine-xetex.def
File: ctex-engine-xetex.def 2022/07/14 v2.5.10 XeLaTeX adapter (CTEX)
 (c:/texlive/2022/texmf-dist/tex/xelatex/xecjk/xeCJK.sty
Package: xeCJK 2022/08/05 v3.9.1 Typesetting CJK scripts with XeLaTeX
 (c:/texlive/2022/texmf-dist/tex/latex/l3packages/xtemplate/xtemplate.sty
Package: xtemplate 2022-06-22 L3 Experimental prototype document functions
\l__xtemplate_tmp_dim=\dimen140
\l__xtemplate_tmp_int=\count197
\l__xtemplate_tmp_muskip=\muskip16
\l__xtemplate_tmp_skip=\skip49
)
\l__xeCJK_tmp_int=\count198
\l__xeCJK_tmp_box=\box53
\l__xeCJK_tmp_dim=\dimen141
\l__xeCJK_tmp_skip=\skip50
\g__xeCJK_space_factor_int=\count199
\l__xeCJK_begin_int=\count266
\l__xeCJK_end_int=\count267
\c__xeCJK_CJK_class_int=\XeTeXcharclass1
\c__xeCJK_FullLeft_class_int=\XeTeXcharclass2
\c__xeCJK_FullRight_class_int=\XeTeXcharclass3
\c__xeCJK_HalfLeft_class_int=\XeTeXcharclass4
\c__xeCJK_HalfRight_class_int=\XeTeXcharclass5
\c__xeCJK_NormalSpace_class_int=\XeTeXcharclass6
\c__xeCJK_CM_class_int=\XeTeXcharclass7
\c__xeCJK_HangulJamo_class_int=\XeTeXcharclass8
\l__xeCJK_last_skip=\skip51
\c__xeCJK_none_node=\count268
\g__xeCJK_node_int=\count269
\c__xeCJK_CJK_node_dim=\dimen142
\c__xeCJK_CJK-space_node_dim=\dimen143
\c__xeCJK_default_node_dim=\dimen144
\c__xeCJK_CJK-widow_node_dim=\dimen145
\c__xeCJK_normalspace_node_dim=\dimen146
\c__xeCJK_default-space_node_skip=\skip52
\l__xeCJK_ccglue_skip=\skip53
\l__xeCJK_ecglue_skip=\skip54
\l__xeCJK_punct_kern_skip=\skip55
\l__xeCJK_indent_box=\box54
\l__xeCJK_last_penalty_int=\count270
\l__xeCJK_last_bound_dim=\dimen147
\l__xeCJK_last_kern_dim=\dimen148
\l__xeCJK_widow_penalty_int=\count271

Package xtemplate Info: Declaring object type 'xeCJK/punctuation' taking 0
(xtemplate)             argument(s) on line 2396.

\l__xeCJK_fixed_punct_width_dim=\dimen149
\l__xeCJK_mixed_punct_width_dim=\dimen150
\l__xeCJK_middle_punct_width_dim=\dimen151
\l__xeCJK_fixed_margin_width_dim=\dimen152
\l__xeCJK_mixed_margin_width_dim=\dimen153
\l__xeCJK_middle_margin_width_dim=\dimen154
\l__xeCJK_bound_punct_width_dim=\dimen155
\l__xeCJK_bound_margin_width_dim=\dimen156
\l__xeCJK_margin_minimum_dim=\dimen157
\l__xeCJK_kerning_total_width_dim=\dimen158
\l__xeCJK_same_align_margin_dim=\dimen159
\l__xeCJK_different_align_margin_dim=\dimen160
\l__xeCJK_kerning_margin_width_dim=\dimen161
\l__xeCJK_kerning_margin_minimum_dim=\dimen162
\l__xeCJK_bound_dim=\dimen163
\l__xeCJK_reverse_bound_dim=\dimen164
\l__xeCJK_margin_dim=\dimen165
\l__xeCJK_minimum_bound_dim=\dimen166
\l__xeCJK_kerning_margin_dim=\dimen167
\g__xeCJK_family_int=\count272
\l__xeCJK_fam_int=\count273
\g__xeCJK_fam_allocation_int=\count274
\l__xeCJK_verb_case_int=\count275
\l__xeCJK_verb_exspace_skip=\skip56
 (c:/texlive/2022/texmf-dist/tex/latex/fontspec/fontspec.sty (c:/texlive/2022/texmf-dist/tex/latex/l3packages/xparse/xparse.sty
Package: xparse 2022-06-22 L3 Experimental document command parser
)
Package: fontspec 2022/01/15 v2.8a Font selection for XeLaTeX and LuaLaTeX
 (c:/texlive/2022/texmf-dist/tex/latex/fontspec/fontspec-xetex.sty
Package: fontspec-xetex 2022/01/15 v2.8a Font selection for XeLaTeX and LuaLaTeX
\l__fontspec_script_int=\count276
\l__fontspec_language_int=\count277
\l__fontspec_strnum_int=\count278
\l__fontspec_tmp_int=\count279
\l__fontspec_tmpa_int=\count280
\l__fontspec_tmpb_int=\count281
\l__fontspec_tmpc_int=\count282
\l__fontspec_em_int=\count283
\l__fontspec_emdef_int=\count284
\l__fontspec_strong_int=\count285
\l__fontspec_strongdef_int=\count286
\l__fontspec_tmpa_dim=\dimen168
\l__fontspec_tmpb_dim=\dimen169
\l__fontspec_tmpc_dim=\dimen170
 (c:/texlive/2022/texmf-dist/tex/latex/base/fontenc.sty
Package: fontenc 2021/04/29 v2.0v Standard LaTeX package
) (c:/texlive/2022/texmf-dist/tex/latex/fontspec/fontspec.cfg))) (c:/texlive/2022/texmf-dist/tex/xelatex/xecjk/xeCJK.cfg
File: xeCJK.cfg 2022/08/05 v3.9.1 Configuration file for xeCJK package
))
\ccwd=\dimen171
\l__ctex_ccglue_skip=\skip57
)
\l__ctex_ziju_dim=\dimen172
 (c:/texlive/2022/texmf-dist/tex/latex/zhnumber/zhnumber.sty
Package: zhnumber 2022/07/14 v3.0 Typesetting numbers with Chinese glyphs
\l__zhnum_scale_int=\count287
\l__zhnum_tmp_int=\count288
 (c:/texlive/2022/texmf-dist/tex/latex/zhnumber/zhnumber-utf8.cfg
File: zhnumber-utf8.cfg 2022/07/14 v3.0 Chinese numerals with UTF8 encoding
))
\l__ctex_heading_skip=\skip58
 (c:/texlive/2022/texmf-dist/tex/latex/ctex/scheme/ctex-scheme-chinese-book.def
File: ctex-scheme-chinese-book.def 2022/07/14 v2.5.10 Chinese scheme for book (CTEX)
 (c:/texlive/2022/texmf-dist/tex/latex/ctex/config/ctex-name-utf8.cfg
File: ctex-name-utf8.cfg 2022/07/14 v2.5.10 Caption with encoding UTF-8 (CTEX)
)) (c:/texlive/2022/texmf-dist/tex/latex/ctex/ctex-cs4size.clo
File: ctex-cs4size.clo 2022/07/14 v2.5.10 cs4size option (CTEX)
) (c:/texlive/2022/texmf-dist/tex/latex/ctex/fontset/ctex-fontset-windows.def
File: ctex-fontset-windows.def 2022/07/14 v2.5.10 Windows fonts definition (CTEX)

Package fontspec Info: Could not resolve font "KaiTi/B" (it probably doesn't
(fontspec)             exist).


Package fontspec Info: Could not resolve font "SimHei/I" (it probably doesn't
(fontspec)             exist).


Package fontspec Info: Could not resolve font "SimSun/BI" (it probably doesn't
(fontspec)             exist).


Package fontspec Info: Font family 'SimSun(0)' created for font 'SimSun' with
(fontspec)             options
(fontspec)             [Script={CJK},BoldFont={SimHei},ItalicFont={KaiTi}].
(fontspec)              
(fontspec)              This font family consists of the following NFSS
(fontspec)             series/shapes:
(fontspec)              
(fontspec)             - 'normal' (m/n) with NFSS spec.:
(fontspec)             <->"SimSun/OT:script=hani;language=dflt;"
(fontspec)             - 'small caps'  (m/sc) with NFSS spec.: 
(fontspec)             - 'bold' (b/n) with NFSS spec.:
(fontspec)             <->"SimHei/OT:script=hani;language=dflt;"
(fontspec)             - 'bold small caps'  (b/sc) with NFSS spec.: 
(fontspec)             - 'italic' (m/it) with NFSS spec.:
(fontspec)             <->"KaiTi/OT:script=hani;language=dflt;"
(fontspec)             - 'italic small caps'  (m/scit) with NFSS spec.: 

)) (c:/texlive/2022/texmf-dist/tex/latex/ctex/config/ctex.cfg
File: ctex.cfg 2022/07/14 v2.5.10 Configuration file (CTEX)
) (./setup/SiCNUformat_ex.tex (c:/texlive/2022/texmf-dist/tex/latex/tools/enumerate.sty
Package: enumerate 2015/07/23 v3.00 enumerate extensions (DPC)
\@enLab=\toks16
) (c:/texlive/2022/texmf-dist/tex/latex/xcolor/xcolor.sty
Package: xcolor 2022/06/12 v2.14 LaTeX color extensions (UK)
 (c:/texlive/2022/texmf-dist/tex/latex/graphics-cfg/color.cfg
File: color.cfg 2016/01/02 v1.6 sample color configuration
)
Package xcolor Info: Driver file: xetex.def on input line 227.
 (c:/texlive/2022/texmf-dist/tex/latex/graphics-def/xetex.def
File: xetex.def 2022/09/22 v5.0n Graphics/color driver for xetex
\stockwidth=\dimen173
\stockheight=\dimen174
) (c:/texlive/2022/texmf-dist/tex/latex/graphics/mathcolor.ltx)
Package xcolor Info: Model `cmy' substituted by `cmy0' on input line 1353.
Package xcolor Info: Model `RGB' extended on input line 1369.
Package xcolor Info: Model `HTML' substituted by `rgb' on input line 1371.
Package xcolor Info: Model `Hsb' substituted by `hsb' on input line 1372.
Package xcolor Info: Model `tHsb' substituted by `hsb' on input line 1373.
Package xcolor Info: Model `HSB' substituted by `hsb' on input line 1374.
Package xcolor Info: Model `Gray' substituted by `gray' on input line 1375.
Package xcolor Info: Model `wave' substituted by `hsb' on input line 1376.
) (./setup/ccmap.sty

LaTeX Warning: You have requested package `./setup/ccmap',
               but the package provides `ccmap'.

Package: ccmap 2006/11/18
(c:/texlive/2022/texmf-dist/tex/generic/iftex/ifpdf.sty
Package: ifpdf 2019/10/25 v3.4 ifpdf legacy package. Use iftex instead.
 (c:/texlive/2022/texmf-dist/tex/generic/iftex/iftex.sty
Package: iftex 2022/02/03 v1.0f TeX engine tests
))

Package ccmap Warning: not running PDFLaTeX - package not loaded.

) (c:/texlive/2022/texmf-dist/tex/latex/floatrow/floatrow.sty
Package: floatrow 2008/08/02 v0.3b floatrow: float package extension
 (c:/texlive/2022/texmf-dist/tex/latex/graphics/keyval.sty
Package: keyval 2022/05/29 v1.15 key=value parser (DPC)
\KV@toks@=\toks17
) (c:/texlive/2022/texmf-dist/tex/latex/caption/caption3.sty
Package: caption3 2022/03/17 v2.3b caption3 kernel (AR)
\caption@tempdima=\dimen175
\captionmargin=\dimen176
\caption@leftmargin=\dimen177
\caption@rightmargin=\dimen178
\caption@width=\dimen179
\caption@indent=\dimen180
\caption@parindent=\dimen181
\caption@hangindent=\dimen182
Package caption Info: Standard document class detected.
)
\c@float@type=\count289
\float@exts=\toks18
\float@box=\box55
\@floatcapt=\box56
Package floatrow Info: Modified float package code loaded on input line 455.
Package floatrow Info: Modified rotfloat package code loaded on input line 473.
\FR@everyfloat=\toks19
\flrow@foot=\insert252
\FB@wd=\dimen183
\FBo@wd=\dimen184
\FBc@wd=\dimen185
\FBo@ht=\skip59
\FBc@ht=\skip60
\FBf@ht=\skip61
\FBo@max=\skip62
\FBc@max=\skip63
\FBf@max=\skip64
\c@FBl@b=\count290
\floatbox@depth=\count291
\c@FRobj=\count292
\c@FRsobj=\count293
\Xhsize=\skip65
\sXhsize=\skip66
\Zhsize=\skip67
\sZhsize=\skip68
\flrow@rowbox=\box57
\FR@Zunitlength=\dimen186
\c@FBcnt=\count294
\FPOScnt=\count295
\LTleft=\skip69
\LTright=\skip70
\LTleft=\skip71
\LTright=\skip72
\flrow@types=\toks20
) (c:/texlive/2022/texmf-dist/tex/latex/subfigure/subfigure.sty
Package: subfigure 2002/03/15 v2.1.5 subfigure package
\subfigtopskip=\skip73
\subfigcapskip=\skip74
\subfigcaptopadj=\dimen187
\subfigbottomskip=\skip75
\subfigcapmargin=\dimen188
\subfiglabelskip=\skip76
\c@subfigure=\count296
\c@lofdepth=\count297
\c@subtable=\count298
\c@lotdepth=\count299

****************************************
* Local config file subfigure.cfg used *
****************************************
(c:/texlive/2022/texmf-dist/tex/latex/subfigure/subfigure.cfg)
\subfig@top=\skip77
\subfig@bottom=\skip78
) (c:/texlive/2022/texmf-dist/tex/latex/multirow/multirow.sty
Package: multirow 2021/03/15 v2.8 Span multiple rows of a table
\multirow@colwidth=\skip79
\multirow@cntb=\count300
\multirow@dima=\skip80
\bigstrutjot=\dimen189
) (c:/texlive/2022/texmf-dist/tex/latex/booktabs/booktabs.sty
Package: booktabs 2020/01/12 v1.61803398 Publication quality tables
\heavyrulewidth=\dimen190
\lightrulewidth=\dimen191
\cmidrulewidth=\dimen192
\belowrulesep=\dimen193
\belowbottomsep=\dimen194
\aboverulesep=\dimen195
\abovetopsep=\dimen196
\cmidrulesep=\dimen197
\cmidrulekern=\dimen198
\defaultaddspace=\dimen199
\@cmidla=\count301
\@cmidlb=\count302
\@aboverulesep=\dimen256
\@belowrulesep=\dimen257
\@thisruleclass=\count303
\@lastruleclass=\count304
\@thisrulewidth=\dimen258
) (c:/texlive/2022/texmf-dist/tex/latex/hyperref/hyperref.sty
Package: hyperref 2022-09-22 v7.00t Hypertext links for LaTeX
 (c:/texlive/2022/texmf-dist/tex/generic/ltxcmds/ltxcmds.sty
Package: ltxcmds 2020-05-10 v1.25 LaTeX kernel commands for general use (HO)
) (c:/texlive/2022/texmf-dist/tex/generic/pdftexcmds/pdftexcmds.sty
Package: pdftexcmds 2020-06-27 v0.33 Utility functions of pdfTeX for LuaTeX (HO)
 (c:/texlive/2022/texmf-dist/tex/generic/infwarerr/infwarerr.sty
Package: infwarerr 2019/12/03 v1.5 Providing info/warning/error messages (HO)
)
Package pdftexcmds Info: \pdf@primitive is available.
Package pdftexcmds Info: \pdf@ifprimitive is available.
Package pdftexcmds Info: \pdfdraftmode not found.
) (c:/texlive/2022/texmf-dist/tex/latex/kvsetkeys/kvsetkeys.sty
Package: kvsetkeys 2022-10-05 v1.19 Key value parser (HO)
) (c:/texlive/2022/texmf-dist/tex/generic/kvdefinekeys/kvdefinekeys.sty
Package: kvdefinekeys 2019-12-19 v1.6 Define keys (HO)
) (c:/texlive/2022/texmf-dist/tex/generic/pdfescape/pdfescape.sty
Package: pdfescape 2019/12/09 v1.15 Implements pdfTeX's escape features (HO)
) (c:/texlive/2022/texmf-dist/tex/latex/hycolor/hycolor.sty
Package: hycolor 2020-01-27 v1.10 Color options for hyperref/bookmark (HO)
) (c:/texlive/2022/texmf-dist/tex/latex/letltxmacro/letltxmacro.sty
Package: letltxmacro 2019/12/03 v1.6 Let assignment for LaTeX macros (HO)
) (c:/texlive/2022/texmf-dist/tex/latex/auxhook/auxhook.sty
Package: auxhook 2019-12-17 v1.6 Hooks for auxiliary files (HO)
) (c:/texlive/2022/texmf-dist/tex/latex/hyperref/nameref.sty
Package: nameref 2022-05-17 v2.50 Cross-referencing by name of section
 (c:/texlive/2022/texmf-dist/tex/latex/refcount/refcount.sty
Package: refcount 2019/12/15 v3.6 Data extraction from label references (HO)
) (c:/texlive/2022/texmf-dist/tex/generic/gettitlestring/gettitlestring.sty
Package: gettitlestring 2019/12/15 v1.6 Cleanup title references (HO)
 (c:/texlive/2022/texmf-dist/tex/latex/kvoptions/kvoptions.sty
Package: kvoptions 2022-06-15 v3.15 Key value format for package options (HO)
))
\c@section@level=\count305
)
\@linkdim=\dimen259
\Hy@linkcounter=\count306
\Hy@pagecounter=\count307
 (c:/texlive/2022/texmf-dist/tex/latex/hyperref/pd1enc.def
File: pd1enc.def 2022-09-22 v7.00t Hyperref: PDFDocEncoding definition (HO)
) (c:/texlive/2022/texmf-dist/tex/generic/intcalc/intcalc.sty
Package: intcalc 2019/12/15 v1.3 Expandable calculations with integers (HO)
) (c:/texlive/2022/texmf-dist/tex/generic/etexcmds/etexcmds.sty
Package: etexcmds 2019/12/15 v1.7 Avoid name clashes with e-TeX commands (HO)
)
\Hy@SavedSpaceFactor=\count308
 (c:/texlive/2022/texmf-dist/tex/latex/hyperref/puenc.def
File: puenc.def 2022-09-22 v7.00t Hyperref: PDF Unicode definition (HO)
)
Package hyperref Info: Option `unicode' set `true' on input line 4045.
Package hyperref Info: Hyper figures OFF on input line 4162.
Package hyperref Info: Link nesting OFF on input line 4167.
Package hyperref Info: Hyper index ON on input line 4170.
Package hyperref Info: Plain pages OFF on input line 4177.
Package hyperref Info: Backreferencing OFF on input line 4182.
Package hyperref Info: Implicit mode ON; LaTeX internals redefined.
Package hyperref Info: Bookmarks ON on input line 4410.
\c@Hy@tempcnt=\count309
 (c:/texlive/2022/texmf-dist/tex/latex/url/url.sty
\Urlmuskip=\muskip17
Package: url 2013/09/16  ver 3.4  Verb mode for urls, etc.
)
LaTeX Info: Redefining \url on input line 4748.
\XeTeXLinkMargin=\dimen260
 (c:/texlive/2022/texmf-dist/tex/generic/bitset/bitset.sty
Package: bitset 2019/12/09 v1.3 Handle bit-vector datatype (HO)
 (c:/texlive/2022/texmf-dist/tex/generic/bigintcalc/bigintcalc.sty
Package: bigintcalc 2019/12/15 v1.5 Expandable calculations on big integers (HO)
))
\Fld@menulength=\count310
\Field@Width=\dimen261
\Fld@charsize=\dimen262
Package hyperref Info: Hyper figures OFF on input line 6027.
Package hyperref Info: Link nesting OFF on input line 6032.
Package hyperref Info: Hyper index ON on input line 6035.
Package hyperref Info: backreferencing OFF on input line 6042.
Package hyperref Info: Link coloring OFF on input line 6047.
Package hyperref Info: Link coloring with OCG OFF on input line 6052.
Package hyperref Info: PDF/A mode OFF on input line 6057.
 (c:/texlive/2022/texmf-dist/tex/latex/base/atbegshi-ltx.sty
Package: atbegshi-ltx 2021/01/10 v1.0c Emulation of the original atbegshi
package with kernel methods
)
\Hy@abspage=\count311
\c@Item=\count312
\c@Hfootnote=\count313
)
Package hyperref Info: Driver (autodetected): hxetex.
 (c:/texlive/2022/texmf-dist/tex/latex/hyperref/hxetex.def
File: hxetex.def 2022-09-22 v7.00t Hyperref driver for XeTeX
 (c:/texlive/2022/texmf-dist/tex/generic/stringenc/stringenc.sty
Package: stringenc 2019/11/29 v1.12 Convert strings between diff. encodings (HO)
)
\pdfm@box=\box58
\c@Hy@AnnotLevel=\count314
\HyField@AnnotCount=\count315
\Fld@listcount=\count316
\c@bookmark@seq@number=\count317
 (c:/texlive/2022/texmf-dist/tex/latex/rerunfilecheck/rerunfilecheck.sty
Package: rerunfilecheck 2022-07-10 v1.10 Rerun checks for auxiliary files (HO)
 (c:/texlive/2022/texmf-dist/tex/latex/base/atveryend-ltx.sty
Package: atveryend-ltx 2020/08/19 v1.0a Emulation of the original atveryend package
with kernel methods
) (c:/texlive/2022/texmf-dist/tex/generic/uniquecounter/uniquecounter.sty
Package: uniquecounter 2019/12/15 v1.4 Provide unlimited unique counter (HO)
)
Package uniquecounter Info: New unique counter `rerunfilecheck' on input line 285.
)
\Hy@SectionHShift=\skip81
) (c:/texlive/2022/texmf-dist/tex/latex/tools/bm.sty
Package: bm 2022/01/05 v1.2f Bold Symbol Support (DPC/FMi)
\symboldoperators=\mathgroup4
\symboldletters=\mathgroup5
\symboldsymbols=\mathgroup6
Package bm Info: No bold for \OMX/cmex/m/n, using \pmb.
LaTeX Font Info:    Redeclaring math alphabet \mathbf on input line 149.
) (c:/texlive/2022/texmf-dist/tex/latex/doublestroke/dsfont.sty
Package: dsfont 1995/08/01 v0.1 Double stroke roman fonts
) (c:/texlive/2022/texmf-dist/tex/latex/amsmath/amsmath.sty
Package: amsmath 2022/04/08 v2.17n AMS math features
\@mathmargin=\skip82

For additional information on amsmath, use the `?' option.
(c:/texlive/2022/texmf-dist/tex/latex/amsmath/amstext.sty
Package: amstext 2021/08/26 v2.01 AMS text
 (c:/texlive/2022/texmf-dist/tex/latex/amsmath/amsgen.sty
File: amsgen.sty 1999/11/30 v2.0 generic functions
\@emptytoks=\toks21
\ex@=\dimen263
)) (c:/texlive/2022/texmf-dist/tex/latex/amsmath/amsbsy.sty
Package: amsbsy 1999/11/29 v1.2d Bold Symbols
LaTeX Info: Redefining \boldsymbol on input line 28.
\pmbraise@=\dimen264
) (c:/texlive/2022/texmf-dist/tex/latex/amsmath/amsopn.sty
Package: amsopn 2022/04/08 v2.04 operator names
)
\inf@bad=\count318
LaTeX Info: Redefining \frac on input line 234.
\uproot@=\count319
\leftroot@=\count320
LaTeX Info: Redefining \overline on input line 399.
LaTeX Info: Redefining \colon on input line 410.
\classnum@=\count321
\DOTSCASE@=\count322
LaTeX Info: Redefining \ldots on input line 496.
LaTeX Info: Redefining \dots on input line 499.
LaTeX Info: Redefining \cdots on input line 620.
\Mathstrutbox@=\box59
\strutbox@=\box60
LaTeX Info: Redefining \big on input line 722.
LaTeX Info: Redefining \Big on input line 723.
LaTeX Info: Redefining \bigg on input line 724.
LaTeX Info: Redefining \Bigg on input line 725.
\big@size=\dimen265
LaTeX Font Info:    Redeclaring font encoding OML on input line 743.
LaTeX Font Info:    Redeclaring font encoding OMS on input line 744.
\macc@depth=\count323
LaTeX Info: Redefining \bmod on input line 905.
LaTeX Info: Redefining \pmod on input line 910.
LaTeX Info: Redefining \smash on input line 940.
LaTeX Info: Redefining \relbar on input line 970.
LaTeX Info: Redefining \Relbar on input line 971.
\c@MaxMatrixCols=\count324
\dotsspace@=\muskip18
\c@parentequation=\count325
\dspbrk@lvl=\count326
\tag@help=\toks22
\row@=\count327
\column@=\count328
\maxfields@=\count329
\andhelp@=\toks23
\eqnshift@=\dimen266
\alignsep@=\dimen267
\tagshift@=\dimen268
\tagwidth@=\dimen269
\totwidth@=\dimen270
\lineht@=\dimen271
\@envbody=\toks24
\multlinegap=\skip83
\multlinetaggap=\skip84
\mathdisplay@stack=\toks25
LaTeX Info: Redefining \[ on input line 2953.
LaTeX Info: Redefining \] on input line 2954.
) (c:/texlive/2022/texmf-dist/tex/latex/amsfonts/amssymb.sty
Package: amssymb 2013/01/14 v3.01 AMS font symbols
 (c:/texlive/2022/texmf-dist/tex/latex/amsfonts/amsfonts.sty
Package: amsfonts 2013/01/14 v3.01 Basic AMSFonts support
\symAMSa=\mathgroup7
\symAMSb=\mathgroup8
LaTeX Font Info:    Redeclaring math symbol \hbar on input line 98.
LaTeX Font Info:    Overwriting math alphabet `\mathfrak' in version `bold'
(Font)                  U/euf/m/n --> U/euf/b/n on input line 106.
)) (c:/texlive/2022/texmf-dist/tex/latex/jknapltx/mathrsfs.sty
Package: mathrsfs 1996/01/01 Math RSFS package v1.0 (jk)
\symrsfs=\mathgroup9
) (c:/texlive/2022/texmf-dist/tex/latex/ntheorem/ntheorem.sty
Style `ntheorem', Version 1.33 <2011/08/15>
Package: ntheorem 2011/08/15 1.33
(c:/texlive/2022/texmf-dist/tex/latex/base/ifthen.sty
Package: ifthen 2022/04/13 v1.1d Standard LaTeX ifthen package (DPC)
)
\theorem@style=\toks26
\theorem@@style=\toks27
\theorembodyfont=\toks28
\theoremnumbering=\toks29
\theorempreskipamount=\skip85
\theorempostskipamount=\skip86
\theoremframepreskipamount=\skip87
\theoremframepostskipamount=\skip88
\theoreminframepreskipamount=\skip89
\theoreminframepostskipamount=\skip90
\theorem@preskip=\toks30
\theorem@postskip=\toks31
\theorem@framepreskip=\toks32
\theorem@framepostskip=\toks33
\theorem@inframepreskip=\toks34
\theorem@inframepostskip=\toks35
\theoremindent=\dimen272
\theorem@indent=\dimen273
\theoremrightindent=\dimen274
\theorem@rightindent=\dimen275
\theoremheaderfont=\toks36
\theoremseparator=\toks37
\theoremprework=\toks38
\theorempostwork=\toks39
\theoremsymbol=\toks40
\qedsymbol=\toks41
\theoremkeyword=\toks42
\qedsymbol=\toks43
\thm@topsep=\skip91
\thm@topsepadd=\skip92
Package ntheorem Info: Option `thmmarks' loaded on input line 1175.
\c@endNonectr=\count330
\c@currNonectr=\count331
\mysavskip=\skip93
Package ntheorem Info: option `amsmath' handling for `thmmarks' loaded on input line 1175.
\thm@amstmpdepth=\dimen276
\tagwidth=\dimen277
) (c:/texlive/2022/texmf-dist/tex/latex/subeqnarray/subeqnarray.sty
Package: subeqnarray 2004/04/15 v2.1c subeqnarray package
\c@subequation=\count332
) (c:/texlive/2022/texmf-dist/tex/latex/graphics/rotating.sty
Package: rotating 2016/08/11 v2.16d rotated objects in LaTeX
 (c:/texlive/2022/texmf-dist/tex/latex/graphics/graphicx.sty
Package: graphicx 2021/09/16 v1.2d Enhanced LaTeX Graphics (DPC,SPQR)
 (c:/texlive/2022/texmf-dist/tex/latex/graphics/graphics.sty
Package: graphics 2022/03/10 v1.4e Standard LaTeX Graphics (DPC,SPQR)
 (c:/texlive/2022/texmf-dist/tex/latex/graphics/trig.sty
Package: trig 2021/08/11 v1.11 sin cos tan (DPC)
) (c:/texlive/2022/texmf-dist/tex/latex/graphics-cfg/graphics.cfg
File: graphics.cfg 2016/06/04 v1.11 sample graphics configuration
)
Package graphics Info: Driver file: xetex.def on input line 107.
)
\Gin@req@height=\dimen278
\Gin@req@width=\dimen279
)
\c@r@tfl@t=\count333
\rotFPtop=\skip94
\rotFPbot=\skip95
\rot@float@box=\box61
\rot@mess@toks=\toks44
) (c:/texlive/2022/texmf-dist/tex/latex/tools/longtable.sty
Package: longtable 2021-09-01 v4.17 Multi-page Table package (DPC)
\LTleft=\skip96
\LTright=\skip97
\LTpre=\skip98
\LTpost=\skip99
\LTchunksize=\count334
\LTcapwidth=\dimen280
\LT@head=\box62
\LT@firsthead=\box63
\LT@foot=\box64
\LT@lastfoot=\box65
\LT@gbox=\box66
\LT@cols=\count335
\LT@rows=\count336
\c@LT@tables=\count337
\c@LT@chunks=\count338
\LT@p@ftn=\toks45
) (c:/texlive/2022/texmf-dist/tex/latex/tabls/tabls.sty
\tablinesep=\dimen281
\arraylinesep=\dimen282
\extrarulesep=\dimen283
\@arstdepth=\dimen284
\@arstheight=\dimen285
\@skip@bove=\dimen286
) (c:/texlive/2022/texmf-dist/tex/latex/colortbl/colortbl.sty
Package: colortbl 2022/06/20 v1.0f Color table columns (DPC)
 (c:/texlive/2022/texmf-dist/tex/latex/tools/array.sty
Package: array 2022/03/10 v2.5f Tabular extension package (FMi)
\col@sep=\dimen287
\ar@mcellbox=\box67
\extrarowheight=\dimen288
\NC@list=\toks46
\extratabsurround=\skip100
\backup@length=\skip101


LaTeX Warning: Command \@xhline  has changed.
               Check if current package is valid.

\ar@cellbox=\box68
)
\everycr=\toks47
\minrowclearance=\skip102
\rownum=\count339
) (c:/texlive/2022/texmf-dist/tex/latex/tools/dcolumn.sty
Package: dcolumn 2014/10/28 v1.06 decimal alignment package (DPC)
) (c:/texlive/2022/texmf-dist/tex/latex/tools/hhline.sty
Package: hhline 2020/01/04 v2.04 Table rule package (DPC)
) (./setup/slashbox.sty
slashbox style by K.Yasuoka, May 1993.
\@slashboxa=\box69
\@slashboxb=\box70
\@slashboxc=\box71
\@slashboxwd=\count340
\@slashboxht=\count341
\@slashsepl=\dimen289
\@slashsepr=\dimen290
) (c:/texlive/2022/texmf-dist/tex/latex/units/nicefrac.sty
Package: nicefrac 1998/08/04 v0.9b Nice fractions
\L@UnitsRaiseDisplaystyle=\skip103
\L@UnitsRaiseTextstyle=\skip104
\L@UnitsRaiseScriptstyle=\skip105
) (c:/texlive/2022/texmf-dist/tex/latex/units/units.sty
Package: units 1998/08/04 v0.9b Typesetting units
) (c:/texlive/2022/texmf-dist/tex/generic/soul/soul.sty
Package: soul 2003/11/17 v2.4 letterspacing/underlining (mf)
\SOUL@word=\toks48
\SOUL@lasttoken=\toks49
\SOUL@cmds=\toks50
\SOUL@buffer=\toks51
\SOUL@token=\toks52
\SOUL@spaceskip=\skip106
\SOUL@ttwidth=\dimen291
\SOUL@uldp=\dimen292
\SOUL@ulht=\dimen293
) (c:/texlive/2022/texmf-dist/tex/latex/altfont/altfont.sty
Package: altfont 1996/07/02 v1.1 loading alternative fonts
 (c:/texlive/2022/texmf-dist/tex/latex/altfont/altfont.cfg
File: altfont.cfg 1996/07/02 v1.1 Local configuration for altfont.sty
)) (c:/texlive/2022/texmf-dist/tex/latex/a0poster/a0size.sty
File: a0size.sty 2004/01/31 v1.22b a0poster class (GK, MW)
LaTeX Font Info:    Redeclaring symbol font `largesymbols' on input line 229.
LaTeX Font Info:    Overwriting symbol font `largesymbols' in version `normal'
(Font)                  OMX/cmex/m/n --> OMX/cmex/m/n on input line 229.
LaTeX Font Info:    Overwriting symbol font `largesymbols' in version `bold'
(Font)                  OMX/cmex/m/n --> OMX/cmex/m/n on input line 229.
\big@size=\dimen294
) (c:/texlive/2022/texmf-dist/tex/latex/marvosym/marvosym.sty
Package: marvosym 2011/07/20 v2.2 Martin Vogel's Symbols font definitions
) (c:/texlive/2022/texmf-dist/tex/latex/appendix/appendix.sty
Package: appendix 2020/02/08 v1.2c extra appendix facilities
\c@@pps=\count342
\c@@ppsavesec=\count343
\c@@ppsaveapp=\count344
) (c:/texlive/2022/texmf-dist/tex/latex/psnfss/times.sty
Package: times 2020/03/25 PSNFSS-v9.3 (SPQR) 
) (c:/texlive/2022/texmf-dist/tex/latex/geometry/geometry.sty
Package: geometry 2020/01/02 v5.9 Page Geometry
 (c:/texlive/2022/texmf-dist/tex/generic/iftex/ifvtex.sty
Package: ifvtex 2019/10/25 v1.7 ifvtex legacy package. Use iftex instead.
)
\Gm@cnth=\count345
\Gm@cntv=\count346
\c@Gm@tempcnt=\count347
\Gm@bindingoffset=\dimen295
\Gm@wd@mp=\dimen296
\Gm@odd@mp=\dimen297
\Gm@even@mp=\dimen298
\Gm@layoutwidth=\dimen299
\Gm@layoutheight=\dimen300
\Gm@layouthoffset=\dimen301
\Gm@layoutvoffset=\dimen302
\Gm@dimlist=\toks53
) (c:/texlive/2022/texmf-dist/tex/latex/fancyhdr/fancyhdr.sty
Package: fancyhdr 2022/05/18 v4.0.3 Extensive control of page headers and footers
\f@nch@headwidth=\skip107
\f@nch@O@elh=\skip108
\f@nch@O@erh=\skip109
\f@nch@O@olh=\skip110
\f@nch@O@orh=\skip111
\f@nch@O@elf=\skip112
\f@nch@O@erf=\skip113
\f@nch@O@olf=\skip114
\f@nch@O@orf=\skip115
) (c:/texlive/2022/texmf-dist/tex/latex/tocbibind/tocbibind.sty
Package: tocbibind 2010/10/13 v1.5k extra ToC listings
Package tocbibind Info: The document has chapter divisions on input line 50.


Package tocbibind Note: Using chapter style headings, unless overridden.

) (c:/texlive/2022/texmf-dist/tex/latex/titlesec/titletoc.sty
Package: titletoc 2021/07/05 v2.14 TOC entries
\ttl@leftsep=\dimen303
) (c:/texlive/2022/texmf-dist/tex/latex/graphics/epsfig.sty
Package: epsfig 2017/06/25 v1.7b (e)psfig emulation (SPQR)
\epsfxsize=\dimen304
\epsfysize=\dimen305
) (c:/texlive/2022/texmf-dist/tex/latex/caption/caption.sty
Package: caption 2022/03/01 v3.6b Customizing captions (AR)
\c@caption@flags=\count348
\c@continuedfloat=\count349
Package caption Info: float package is loaded.
Package caption Info: floatrow package is loaded.
Package caption Info: hyperref package is loaded.
Package caption Info: longtable package is loaded.
 (c:/texlive/2022/texmf-dist/tex/latex/caption/ltcaption.sty
Package: ltcaption 2021/01/08 v1.4c longtable captions (AR)
)
Package caption Info: rotating package is loaded.
Package caption Info: subfigure package is loaded.
) (c:/texlive/2022/texmf-dist/tex/latex/overpic/overpic.sty
Package: overpic 2020/02/22 1.3 picture overlays (RN)
 (c:/texlive/2022/texmf-dist/tex/latex/eepic/epic.sty
Enhancements to Picture Environment. Version 1.2 - Released June 1, 1986
\@@multicnt=\count350
\d@lta=\count351
\@delta=\dimen306
\@@delta=\dimen307
\@gridcnt=\count352
\@joinkind=\count353
\@dotgap=\dimen308
\@ddotgap=\dimen309
\@x@diff=\count354
\@y@diff=\count355
\x@diff=\dimen310
\y@diff=\dimen311
\@dotbox=\box72
\num@segments=\count356
\num@segmentsi=\count357
\@datafile=\read2
)
\OVP@box=\box73
) (c:/texlive/2022/texmf-dist/tex/generic/beebe/texnames.sty
This is texnames.sty, Version 1.10 <02 March 1998>
) (c:/texlive/2022/texmf-dist/tex/latex/natbib/natbib.sty
Package: natbib 2010/09/13 8.31b (PWD, AO)
\bibhang=\skip116
\bibsep=\skip117
LaTeX Info: Redefining \cite on input line 694.
\c@NAT@ctr=\count358
) (c:/texlive/2022/texmf-dist/tex/latex/psnfss/pifont.sty
Package: pifont 2020/03/25 PSNFSS-v9.3 Pi font support (SPQR) 
LaTeX Font Info:    Trying to load font information for U+pzd on input line 63.
 (c:/texlive/2022/texmf-dist/tex/latex/psnfss/upzd.fd
File: upzd.fd 2001/06/04 font definitions for U/pzd.
)
LaTeX Font Info:    Trying to load font information for U+psy on input line 64.
 (c:/texlive/2022/texmf-dist/tex/latex/psnfss/upsy.fd
File: upsy.fd 2001/06/04 font definitions for U/psy.
)) (./setup/info_ex.tex (c:/texlive/2022/texmf-dist/tex/generic/ulem/ulem.sty
\UL@box=\box74
\UL@hyphenbox=\box75
\UL@skip=\skip118
\UL@hook=\toks54
\UL@height=\dimen312
\UL@pe=\count359
\UL@pixel=\dimen313
\ULC@box=\box76
Package: ulem 2019/11/18
\ULdepth=\dimen314
)) (c:/texlive/2022/texmf-dist/tex/xelatex/xecjk/xeCJKfntef.sty
Package: xeCJKfntef 2022/08/05 v3.9.1 xeCJK font effect
\l__xeCJK_space_skip=\skip119
\c__xeCJK_ulem-begin_node_dim=\dimen315
\l__xeCJK_hidden_box=\box77
\l__xeCJK_fntef_box=\box78
\l__xeCJK_under_symbol_box=\box79
\c__xeCJK_filll_skip=\skip120
)) (c:/texlive/2022/texmf-dist/tex/latex/base/fontenc.sty
Package: fontenc 2021/04/29 v2.0v Standard LaTeX package
LaTeX Font Info:    Trying to load font information for T1+ptm on input line 112.
 (c:/texlive/2022/texmf-dist/tex/latex/psnfss/t1ptm.fd
File: t1ptm.fd 2001/06/04 font definitions for T1/ptm.
)) (./10636_20210801068_LW.aux (./chap/thm.aux) (./chap/abs_ex.aux) (./chap/chap1.aux) (./chap/chap2.aux) (./chap/chap3.aux

LaTeX Warning: Label `eq_SAVRRK:313a' multiply defined.


LaTeX Warning: Label `eq_SAVRRK:54' multiply defined.

) (./chap/chap4.aux) (./chap/chap5.aux) (./chap/ref.aux) (./chap/thanks_ex.aux) (./chap/ach_ex.aux))
\openout1 = `10636_20210801068_LW.aux'.

LaTeX Font Info:    Checking defaults for OML/cmm/m/it on input line 4.
LaTeX Font Info:    ... okay on input line 4.
LaTeX Font Info:    Checking defaults for OMS/cmsy/m/n on input line 4.
LaTeX Font Info:    ... okay on input line 4.
LaTeX Font Info:    Checking defaults for OT1/cmr/m/n on input line 4.
LaTeX Font Info:    ... okay on input line 4.
LaTeX Font Info:    Checking defaults for T1/cmr/m/n on input line 4.
LaTeX Font Info:    ... okay on input line 4.
LaTeX Font Info:    Checking defaults for TS1/cmr/m/n on input line 4.
LaTeX Font Info:    ... okay on input line 4.
LaTeX Font Info:    Checking defaults for TU/lmr/m/n on input line 4.
LaTeX Font Info:    ... okay on input line 4.
LaTeX Font Info:    Checking defaults for OMX/cmex/m/n on input line 4.
LaTeX Font Info:    ... okay on input line 4.
LaTeX Font Info:    Checking defaults for U/cmr/m/n on input line 4.
LaTeX Font Info:    ... okay on input line 4.
LaTeX Font Info:    Checking defaults for PD1/pdf/m/n on input line 4.
LaTeX Font Info:    ... okay on input line 4.
LaTeX Font Info:    Checking defaults for PU/pdf/m/n on input line 4.
LaTeX Font Info:    ... okay on input line 4.

Package fontspec Info: Adjusting the maths setup (use [no-math] to avoid
(fontspec)             this).

\symlegacymaths=\mathgroup10
LaTeX Font Info:    Overwriting symbol font `legacymaths' in version `bold'
(Font)                  OT1/cmr/m/n --> OT1/cmr/bx/n on input line 4.
LaTeX Font Info:    Redeclaring math accent \acute on input line 4.
LaTeX Font Info:    Redeclaring math accent \grave on input line 4.
LaTeX Font Info:    Redeclaring math accent \ddot on input line 4.
LaTeX Font Info:    Redeclaring math accent \tilde on input line 4.
LaTeX Font Info:    Redeclaring math accent \bar on input line 4.
LaTeX Font Info:    Redeclaring math accent \breve on input line 4.
LaTeX Font Info:    Redeclaring math accent \check on input line 4.
LaTeX Font Info:    Redeclaring math accent \hat on input line 4.
LaTeX Font Info:    Redeclaring math accent \dot on input line 4.
LaTeX Font Info:    Redeclaring math accent \mathring on input line 4.
LaTeX Font Info:    Redeclaring math symbol \Gamma on input line 4.
LaTeX Font Info:    Redeclaring math symbol \Delta on input line 4.
LaTeX Font Info:    Redeclaring math symbol \Theta on input line 4.
LaTeX Font Info:    Redeclaring math symbol \Lambda on input line 4.
LaTeX Font Info:    Redeclaring math symbol \Xi on input line 4.
LaTeX Font Info:    Redeclaring math symbol \Pi on input line 4.
LaTeX Font Info:    Redeclaring math symbol \Sigma on input line 4.
LaTeX Font Info:    Redeclaring math symbol \Upsilon on input line 4.
LaTeX Font Info:    Redeclaring math symbol \Phi on input line 4.
LaTeX Font Info:    Redeclaring math symbol \Psi on input line 4.
LaTeX Font Info:    Redeclaring math symbol \Omega on input line 4.
LaTeX Font Info:    Redeclaring math symbol \mathdollar on input line 4.
LaTeX Font Info:    Redeclaring symbol font `operators' on input line 4.
LaTeX Font Info:    Encoding `OT1' has changed to `TU' for symbol font
(Font)              `operators' in the math version `normal' on input line 4.
LaTeX Font Info:    Overwriting symbol font `operators' in version `normal'
(Font)                  OT1/cmr/m/n --> TU/ptm/m/n on input line 4.
LaTeX Font Info:    Encoding `OT1' has changed to `TU' for symbol font
(Font)              `operators' in the math version `bold' on input line 4.
LaTeX Font Info:    Overwriting symbol font `operators' in version `bold'
(Font)                  OT1/cmr/bx/n --> TU/ptm/m/n on input line 4.
LaTeX Font Info:    Overwriting symbol font `operators' in version `normal'
(Font)                  TU/ptm/m/n --> TU/ptm/m/n on input line 4.
LaTeX Font Info:    Overwriting math alphabet `\mathit' in version `normal'
(Font)                  OT1/cmr/m/it --> TU/ptm/m/it on input line 4.
LaTeX Font Info:    Overwriting math alphabet `\mathbf' in version `normal'
(Font)                  OT1/cmr/bx/n --> TU/ptm/b/n on input line 4.
LaTeX Font Info:    Overwriting math alphabet `\mathsf' in version `normal'
(Font)                  OT1/cmss/m/n --> TU/phv/m/n on input line 4.
LaTeX Font Info:    Overwriting math alphabet `\mathtt' in version `normal'
(Font)                  OT1/cmtt/m/n --> TU/pcr/m/n on input line 4.
LaTeX Font Info:    Overwriting symbol font `operators' in version `bold'
(Font)                  TU/ptm/m/n --> TU/ptm/b/n on input line 4.
LaTeX Font Info:    Overwriting math alphabet `\mathit' in version `bold'
(Font)                  OT1/cmr/bx/it --> TU/ptm/b/it on input line 4.
LaTeX Font Info:    Overwriting math alphabet `\mathsf' in version `bold'
(Font)                  OT1/cmss/bx/n --> TU/phv/b/n on input line 4.
LaTeX Font Info:    Overwriting math alphabet `\mathtt' in version `bold'
(Font)                  OT1/cmtt/m/n --> TU/pcr/b/n on input line 4.
Package caption Info: Begin \AtBeginDocument code.
Package caption Info: Fixing longtable code of `floatrow' package.
Package caption Info: End \AtBeginDocument code.
 (c:/texlive/2022/texmf-dist/tex/latex/floatrow/fr-longtable.sty
Package: fr-longtable 2007/11/28 v0.1b (beta) floatrow: additions for longtable
\flrow@LT@lasthead=\box80
\flrow@LT@prelastfoot=\box81
\c@FBLTpage=\count360
)
Package hyperref Info: Link coloring OFF on input line 4.
 (./10636_20210801068_LW.out) (./10636_20210801068_LW.out)
\@outlinefile=\write3
\openout3 = `10636_20210801068_LW.out'.


*geometry* driver: auto-detecting
*geometry* detected driver: xetex
*geometry* verbose mode - [ preamble ] result:
* driver: xetex
* paper: a4paper
* layout: <same size as paper>
* layoutoffset:(h,v)=(0.0pt,0.0pt)
* modes: twoside 
* h-part:(L,W,R)=(71.13188pt, 455.24411pt, 71.13188pt)
* v-part:(T,H,B)=(85.35826pt, 688.5567pt, 71.13188pt)
* \paperwidth=597.50787pt
* \paperheight=845.04684pt
* \textwidth=455.24411pt
* \textheight=688.5567pt
* \oddsidemargin=-1.1381pt
* \evensidemargin=-1.1381pt
* \topmargin=-647.01564pt
* \headheight=654.41338pt
* \headsep=5.69054pt
* \topskip=12.0pt
* \footskip=19.91692pt
* \marginparwidth=98.0pt
* \marginparsep=7.0pt
* \columnsep=10.0pt
* \skip\footins=10.8pt plus 4.0pt minus 2.0pt
* \hoffset=0.0pt
* \voffset=0.0pt
* \mag=1000
* \@twocolumnfalse
* \@twosidetrue
* \@mparswitchtrue
* \@reversemarginfalse
* (1in=72.27pt=25.4mm, 1cm=28.453pt)

\openout2 = `chap/thm.aux'.

(./chap/thm.tex
\c@currtheoremctr=\count361
\c@endtheoremctr=\count362
\c@theorem=\count363
\c@currlemmactr=\count364
\c@endlemmactr=\count365
\c@currpropctr=\count366
\c@endpropctr=\count367
\c@currcorctr=\count368
\c@endcorctr=\count369
\c@currdefnctr=\count370
\c@enddefnctr=\count371
\c@defn=\count372
\c@currremarkctr=\count373
\c@endremarkctr=\count374
\c@remark=\count375
\c@currconjctr=\count376
\c@endconjctr=\count377
\c@conj=\count378
\c@currexamplectr=\count379
\c@endexamplectr=\count380
\c@example=\count381
)
\Mycode=\skip121
\MyCT=\skip122

Package fontspec Info: Could not resolve font "SimSun/BI" (it probably doesn't
(fontspec)             exist).


Package fontspec Info: Could not resolve font "SimSun/B" (it probably doesn't
(fontspec)             exist).


Package fontspec Info: Could not resolve font "SimSun/I" (it probably doesn't
(fontspec)             exist).


Package fontspec Info: Font family 'SimSun(1)' created for font 'SimSun' with
(fontspec)             options [Script={CJK}].
(fontspec)              
(fontspec)              This font family consists of the following NFSS
(fontspec)             series/shapes:
(fontspec)              
(fontspec)             - 'normal' (m/n) with NFSS spec.:
(fontspec)             <->"SimSun/OT:script=hani;language=dflt;"
(fontspec)             - 'small caps'  (m/sc) with NFSS spec.: 



LaTeX Font Warning: Font shape `TU/SimSun(1)/b/n' undefined
(Font)              using `TU/SimSun(1)/m/n' instead on input line 7.

Invalid UTF-8 byte or sequence at line 7 replaced by U+FFFD.
Invalid UTF-8 byte or sequence at line 7 replaced by U+FFFD.
Invalid UTF-8 byte or sequence at line 7 replaced by U+FFFD.
Invalid UTF-8 byte or sequence at line 7 replaced by U+FFFD.
Invalid UTF-8 byte or sequence at line 7 replaced by U+FFFD.
Invalid UTF-8 byte or sequence at line 7 replaced by U+FFFD.
Invalid UTF-8 byte or sequence at line 7 replaced by U+FFFD.
Invalid UTF-8 byte or sequence at line 7 replaced by U+FFFD.
File: setup/flage.eps Graphic file (type eps)
<setup/flage.eps>

Package fontspec Info: Could not resolve font "Microsoft YaHei Bold/I" (it
(fontspec)             probably doesn't exist).


Package fontspec Info: Could not resolve font "Microsoft YaHei/I" (it probably
(fontspec)             doesn't exist).

LaTeX Font Info:    Trying to load font information for T1+phv on input line 7.
(c:/texlive/2022/texmf-dist/tex/latex/psnfss/t1phv.fd
File: t1phv.fd 2020/03/25 scalable font definitions for T1/phv.
)

Package fontspec Info: Font family 'MicrosoftYaHei(0)' created for font
(fontspec)             'Microsoft YaHei' with options
(fontspec)             [Script={CJK},BoldFont={* Bold}].
(fontspec)              
(fontspec)              This font family consists of the following NFSS
(fontspec)             series/shapes:
(fontspec)              
(fontspec)             - 'normal' (m/n) with NFSS spec.: <->"Microsoft
(fontspec)             YaHei/OT:script=hani;language=dflt;"
(fontspec)             - 'small caps'  (m/sc) with NFSS spec.: 
(fontspec)             - 'bold' (b/n) with NFSS spec.: <->"Microsoft YaHei
(fontspec)             Bold/OT:script=hani;language=dflt;"
(fontspec)             - 'bold small caps'  (b/sc) with NFSS spec.: 
(fontspec)             - 'bold italic' (b/it) with NFSS spec.: <->"Microsoft
(fontspec)             YaHei/BI/OT:script=hani;language=dflt;"
(fontspec)             - 'bold italic small caps'  (b/scit) with NFSS spec.: 

Invalid UTF-8 byte or sequence at line 7 replaced by U+FFFD.
Invalid UTF-8 byte or sequence at line 7 replaced by U+FFFD.
Invalid UTF-8 byte or sequence at line 7 replaced by U+FFFD.
Invalid UTF-8 byte or sequence at line 7 replaced by U+FFFD.
Invalid UTF-8 byte or sequence at line 7 replaced by U+FFFD.
Invalid UTF-8 byte or sequence at line 7 replaced by U+FFFD.
Invalid UTF-8 byte or sequence at line 7 replaced by U+FFFD.
File: setup/logo.eps Graphic file (type eps)
<setup/logo.eps>

Package fontspec Info: Could not resolve font "FangSong/BI" (it probably
(fontspec)             doesn't exist).


Package fontspec Info: Could not resolve font "FangSong/B" (it probably
(fontspec)             doesn't exist).


Package fontspec Info: Could not resolve font "FangSong/I" (it probably
(fontspec)             doesn't exist).


Package fontspec Info: Font family 'FangSong(0)' created for font 'FangSong'
(fontspec)             with options [Script={CJK}].
(fontspec)              
(fontspec)              This font family consists of the following NFSS
(fontspec)             series/shapes:
(fontspec)              
(fontspec)             - 'normal' (m/n) with NFSS spec.:
(fontspec)             <->"FangSong/OT:script=hani;language=dflt;"
(fontspec)             - 'small caps'  (m/sc) with NFSS spec.: 

 [1





] [2

] [3] [4

]

Class ctexbook Warning: Command `\CTEXsetup' is deprecated.
(ctexbook)              \ctexset { chapter = { number={},nameformat={\zihao
(ctexbook)              {-2}\songti },titleformat={\zihao {-2}\songti },
(ctexbook)              beforeskip={2em},afterskip={1em} } } is set.

\openout2 = `chap/abs_ex.aux'.

(./chap/abs_ex.tex

Package fontspec Info: Could not resolve font "SimHei/BI" (it probably doesn't
(fontspec)             exist).


Package fontspec Info: Could not resolve font "SimHei/B" (it probably doesn't
(fontspec)             exist).


Package fontspec Info: Could not resolve font "SimHei/I" (it probably doesn't
(fontspec)             exist).


Package fontspec Info: Font family 'SimHei(0)' created for font 'SimHei' with
(fontspec)             options [Script={CJK}].
(fontspec)              
(fontspec)              This font family consists of the following NFSS
(fontspec)             series/shapes:
(fontspec)              
(fontspec)             - 'normal' (m/n) with NFSS spec.:
(fontspec)             <->"SimHei/OT:script=hani;language=dflt;"
(fontspec)             - 'small caps'  (m/sc) with NFSS spec.: 


Package fontspec Info: Could not resolve font "KaiTi/BI" (it probably doesn't
(fontspec)             exist).


Package fontspec Info: Could not resolve font "KaiTi/B" (it probably doesn't
(fontspec)             exist).


Package fontspec Info: Could not resolve font "KaiTi/I" (it probably doesn't
(fontspec)             exist).


Package fontspec Info: Font family 'KaiTi(0)' created for font 'KaiTi' with
(fontspec)             options [Script={CJK}].
(fontspec)              
(fontspec)              This font family consists of the following NFSS
(fontspec)             series/shapes:
(fontspec)              
(fontspec)             - 'normal' (m/n) with NFSS spec.:
(fontspec)             <->"KaiTi/OT:script=hani;language=dflt;"
(fontspec)             - 'small caps'  (m/sc) with NFSS spec.: 

 [1



] [2

] [3]) [4] (./10636_20210801068_LW.lof
LaTeX Font Info:    Trying to load font information for TU+ptm on input line 7.
LaTeX Font Info:    No file TUptm.fd. on input line 7.


LaTeX Font Warning: Font shape `TU/ptm/m/n' undefined
(Font)              using `TU/lmr/m/n' instead on input line 7.

LaTeX Font Info:    External font `cmex7' loaded for size
(Font)              <6> on input line 7.
LaTeX Font Info:    Trying to load font information for U+msa on input line 7.
(c:/texlive/2022/texmf-dist/tex/latex/amsfonts/umsa.fd
File: umsa.fd 2013/01/14 v3.01 AMS symbols A
)
LaTeX Font Info:    Trying to load font information for U+msb on input line 7.
 (c:/texlive/2022/texmf-dist/tex/latex/amsfonts/umsb.fd
File: umsb.fd 2013/01/14 v3.01 AMS symbols B
)
LaTeX Font Info:    Trying to load font information for U+rsfs on input line 7.
 (c:/texlive/2022/texmf-dist/tex/latex/jknapltx/ursfs.fd
File: ursfs.fd 1998/03/24 rsfs font definition file (jk)
) [5



])
\tf@lof=\write4
\openout4 = `10636_20210801068_LW.lof'.

 [6] (./10636_20210801068_LW.toc [7

])
\tf@toc=\write5
\openout5 = `10636_20210801068_LW.toc'.

 [8]

Class ctexbook Warning: Command `\CTEXsetup' is deprecated.
(ctexbook)              \ctexset { chapter = { name={,},number={\arabic
(ctexbook)              {chapter}}, format={\flushleft },nameformat={\zihao
(ctexbook)              {3}\bf },aftername={~~},titleformat={\zihao {3}\bf },
(ctexbook)              beforeskip={1em},afterskip={0.5em} } } is set.


Class ctexbook Warning: Command `\CTEXsetup' is deprecated.
(ctexbook)              \ctexset { section = { name={,},number={\arabic
(ctexbook)              {chapter}.\arabic {section}}, format={\flushleft
(ctexbook)              },nameformat={\zihao {4}\bf
(ctexbook)              },aftername={~~},titleformat={\zihao {4}\bf },
(ctexbook)              beforeskip={0.5em},afterskip={0.5em} } } is set.


Class ctexbook Warning: Command `\CTEXsetup' is deprecated.
(ctexbook)              \ctexset { subsection = { name={,},number={\arabic
(ctexbook)              {chapter}.\arabic {section}.\arabic {subsection}},
(ctexbook)              format={\flushleft },nameformat={\zihao {-4}\bf
(ctexbook)              },aftername={~~},titleformat={\zihao {-4}\heiti },
(ctexbook)              beforeskip={0em},afterskip={0em} } } is set.

\openout2 = `chap/chap1.aux'.

(./chap/chap1.tex
1
[1



]

LaTeX Font Warning: Font shape `OML/cmm/m/it' in size <10.53937> not available
(Font)              size <10.95> substituted on input line 47.


LaTeX Font Warning: Font shape `OMS/cmsy/m/n' in size <10.53937> not available
(Font)              size <10.95> substituted on input line 47.


LaTeX Font Warning: Font shape `OMX/cmex/m/n' in size <10.53937> not available
(Font)              size <10.95> substituted on input line 47.

LaTeX Font Info:    External font `cmex7' loaded for size
(Font)              <7> on input line 47.
LaTeX Font Info:    External font `cmex7' loaded for size
(Font)              <5> on input line 47.

LaTeX Font Warning: Font shape `OT1/cmr/bx/n' in size <10.53937> not available
(Font)              size <10.95> substituted on input line 47.


LaTeX Font Warning: Font shape `OML/cmm/b/it' in size <10.53937> not available
(Font)              size <10.95> substituted on input line 47.


LaTeX Font Warning: Font shape `OMS/cmsy/b/n' in size <10.53937> not available
(Font)              size <10.95> substituted on input line 47.


LaTeX Font Warning: Font shape `U/rsfs/m/n' in size <10.53937> not available
(Font)              size <10.95> substituted on input line 47.


LaTeX Font Warning: Font shape `OT1/cmr/m/n' in size <10.53937> not available
(Font)              size <10.95> substituted on input line 47.

[2] [3]) [4]
\openout2 = `chap/chap2.aux'.

 (./chap/chap2.tex
2
[5




] [6] [7]

LaTeX Font Warning: Font shape `TU/ptm/b/n' undefined
(Font)              using `TU/ptm/m/n' instead on input line 160.

LaTeX Font Info:    Trying to load font information for T1+pcr on input line 181.
(c:/texlive/2022/texmf-dist/tex/latex/psnfss/t1pcr.fd
File: t1pcr.fd 2001/06/04 font definitions for T1/pcr.
) [8]) [9]
\openout2 = `chap/chap3.aux'.

 (./chap/chap3.tex [10




]
3
Package hyperref Info: bookmark level for unknown theorem defaults to 0 on input line 26.
[11] [12] [13] [14] [15] [16]

LaTeX Font Warning: Command \small invalid in math mode on input line 314.

LaTeX Font Info:    Calculating math sizes for size <> on input line 316.

LaTeX Font Warning: Font shape `OML/cmm/m/it' in size <> not available
(Font)              size <5> substituted on input line 316.


LaTeX Font Warning: Font shape `OML/cmm/m/it' in size <0.7> not available
(Font)              size <5> substituted on input line 316.


LaTeX Font Warning: Font shape `OML/cmm/m/it' in size <0.5> not available
(Font)              size <5> substituted on input line 316.


LaTeX Font Warning: Font shape `OMS/cmsy/m/n' in size <> not available
(Font)              size <5> substituted on input line 316.


LaTeX Font Warning: Font shape `OMS/cmsy/m/n' in size <0.7> not available
(Font)              size <5> substituted on input line 316.


LaTeX Font Warning: Font shape `OMS/cmsy/m/n' in size <0.5> not available
(Font)              size <5> substituted on input line 316.

LaTeX Font Info:    External font `cmex7' loaded for size
(Font)              <> on input line 316.
LaTeX Font Info:    External font `cmex7' loaded for size
(Font)              <0.7> on input line 316.
LaTeX Font Info:    External font `cmex7' loaded for size
(Font)              <0.5> on input line 316.

LaTeX Font Warning: Font shape `OT1/cmr/bx/n' in size <> not available
(Font)              size <5> substituted on input line 316.


LaTeX Font Warning: Font shape `OT1/cmr/bx/n' in size <0.7> not available
(Font)              size <5> substituted on input line 316.


LaTeX Font Warning: Font shape `OT1/cmr/bx/n' in size <0.5> not available
(Font)              size <5> substituted on input line 316.


LaTeX Font Warning: Font shape `OML/cmm/b/it' in size <> not available
(Font)              size <5> substituted on input line 316.


LaTeX Font Warning: Font shape `OML/cmm/b/it' in size <0.7> not available
(Font)              size <5> substituted on input line 316.


LaTeX Font Warning: Font shape `OML/cmm/b/it' in size <0.5> not available
(Font)              size <5> substituted on input line 316.


LaTeX Font Warning: Font shape `OMS/cmsy/b/n' in size <> not available
(Font)              size <5> substituted on input line 316.


LaTeX Font Warning: Font shape `OMS/cmsy/b/n' in size <0.7> not available
(Font)              size <5> substituted on input line 316.


LaTeX Font Warning: Font shape `OMS/cmsy/b/n' in size <0.5> not available
(Font)              size <5> substituted on input line 316.


LaTeX Font Warning: Font shape `U/rsfs/m/n' in size <> not available
(Font)              size <5> substituted on input line 316.


LaTeX Font Warning: Font shape `U/rsfs/m/n' in size <0.7> not available
(Font)              size <5> substituted on input line 316.


LaTeX Font Warning: Font shape `U/rsfs/m/n' in size <0.5> not available
(Font)              size <5> substituted on input line 316.


LaTeX Font Warning: Font shape `OT1/cmr/m/n' in size <> not available
(Font)              size <5> substituted on input line 316.


LaTeX Font Warning: Font shape `OT1/cmr/m/n' in size <0.7> not available
(Font)              size <5> substituted on input line 316.


LaTeX Font Warning: Font shape `OT1/cmr/m/n' in size <0.5> not available
(Font)              size <5> substituted on input line 316.

[17]
Package hyperref Info: bookmark level for unknown lemma defaults to 0 on input line 353.
 [18]

LaTeX Font Warning: Command \small invalid in math mode on input line 415.


Overfull \hbox (1.83539pt too wide) detected at line 417
\OML/cmm/m/it/10.95 ^^M \OT1/cmr/m/n/10.95 =  []\OML/cmm/m/it/10.95 :
 []

[19]
Package hyperref Info: bookmark level for unknown remark defaults to 0 on input line 440.
 [20]
LaTeX Font Info:    Trying to load font information for TS1+ptm on input line 460.
 (c:/texlive/2022/texmf-dist/tex/latex/psnfss/ts1ptm.fd
File: ts1ptm.fd 2001/06/04 font definitions for TS1/ptm.
) [21] [22]
Package hyperref Info: bookmark level for unknown example defaults to 0 on input line 582.


LaTeX Font Warning: Font shape `OML/cmm/m/it' in size <7.52812> not available
(Font)              size <8> substituted on input line 603.


LaTeX Font Warning: Font shape `OMS/cmsy/m/n' in size <7.52812> not available
(Font)              size <8> substituted on input line 603.

LaTeX Font Info:    External font `cmex7' loaded for size
(Font)              <7.52812> on input line 603.

LaTeX Font Warning: Font shape `OT1/cmr/bx/n' in size <7.52812> not available
(Font)              size <8> substituted on input line 603.


LaTeX Font Warning: Font shape `OML/cmm/b/it' in size <7.52812> not available
(Font)              size <8> substituted on input line 603.


LaTeX Font Warning: Font shape `OMS/cmsy/b/n' in size <7.52812> not available
(Font)              size <8> substituted on input line 603.


LaTeX Font Warning: Font shape `U/rsfs/m/n' in size <7.52812> not available
(Font)              size <8> substituted on input line 603.


LaTeX Font Warning: Font shape `OT1/cmr/m/n' in size <7.52812> not available
(Font)              size <8> substituted on input line 603.

File: ./figures/exp1_r.eps Graphic file (type eps)
<./figures/exp1_r.eps>
File: ./figures/exp1_s.eps Graphic file (type eps)
<./figures/exp1_s.eps>

Overfull \hbox (12.04498pt too wide) in paragraph at lines 633--638
 [][][] 
 []


Underfull \vbox (badness 4353) has occurred while \output is active []

 [23]
File: ./figures/exp1_energy3.eps Graphic file (type eps)
<./figures/exp1_energy3.eps>
File: ./figures/exp1_energy6.eps Graphic file (type eps)
<./figures/exp1_energy6.eps>

Overfull \hbox (12.04498pt too wide) in paragraph at lines 655--658
 [][][] 
 []

File: ./figures/exp1_energy9.eps Graphic file (type eps)
<./figures/exp1_energy9.eps>
File: ./figures/exp1_energy2.eps Graphic file (type eps)
<./figures/exp1_energy2.eps>

Overfull \hbox (12.04498pt too wide) in paragraph at lines 662--667
 [][][][] 
 []


Underfull \vbox (badness 3029) has occurred while \output is active []

 [24]
File: ./figures/exp2_r.eps Graphic file (type eps)
<./figures/exp2_r.eps>
File: ./figures/exp2_s.eps Graphic file (type eps)
<./figures/exp2_s.eps>

Overfull \hbox (12.04498pt too wide) in paragraph at lines 679--684
 [][][] 
 []

[25]
File: ./figures/exp2_energy3.eps Graphic file (type eps)
<./figures/exp2_energy3.eps>
File: ./figures/exp2_energy6.eps Graphic file (type eps)
<./figures/exp2_energy6.eps>

Overfull \hbox (12.04498pt too wide) in paragraph at lines 726--729
 [][][] 
 []

File: ./figures/exp2_energy9.eps Graphic file (type eps)
<./figures/exp2_energy9.eps>
File: ./figures/exp2_energy2.eps Graphic file (type eps)
<./figures/exp2_energy2.eps>

Overfull \hbox (12.04498pt too wide) in paragraph at lines 733--738
 [][][][] 
 []

[26]
File: ./figures/exp3_energy3.eps Graphic file (type eps)
<./figures/exp3_energy3.eps>
File: ./figures/exp3_energy6.eps Graphic file (type eps)
<./figures/exp3_energy6.eps>

Overfull \hbox (12.04498pt too wide) in paragraph at lines 820--823
 [][][] 
 []

File: ./figures/exp3_energy9.eps Graphic file (type eps)
<./figures/exp3_energy9.eps>
File: ./figures/exp3_energy2.eps Graphic file (type eps)
<./figures/exp3_energy2.eps>

Overfull \hbox (12.04498pt too wide) in paragraph at lines 827--832
 [][][][] 
 []

[27]
File: ./figures/exp4_energy3.eps Graphic file (type eps)
<./figures/exp4_energy3.eps>
File: ./figures/exp4_energy6.eps Graphic file (type eps)
<./figures/exp4_energy6.eps>

Overfull \hbox (12.04498pt too wide) in paragraph at lines 891--894
 [][][] 
 []

File: ./figures/exp4_energy9.eps Graphic file (type eps)
<./figures/exp4_energy9.eps>
File: ./figures/exp4_energy2.eps Graphic file (type eps)
<./figures/exp4_energy2.eps>

Overfull \hbox (12.04498pt too wide) in paragraph at lines 898--903
 [][][][] 
 []

[28] [29]) [30]
\openout2 = `chap/chap4.aux'.

 (./chap/chap4.tex
4
[31




] [32] [33] [34] [35] [36] [37]

LaTeX Warning: The counter will not be printed.
             The label is: $\bullet $ on input line 351.

[38] [39]
File: ./figure/exp1_s1.5.eps Graphic file (type eps)
<./figure/exp1_s1.5.eps>
File: ./figure/exp1_t1.5.eps Graphic file (type eps)
<./figure/exp1_t1.5.eps>
File: ./figure/exp1_s2.eps Graphic file (type eps)
<./figure/exp1_s2.eps>
File: ./figure/exp1_t2.eps Graphic file (type eps)
<./figure/exp1_t2.eps>
 [40]
File: ./figure/exp1_H1.3.eps Graphic file (type eps)
<./figure/exp1_H1.3.eps>
File: ./figure/exp1_H1.6.eps Graphic file (type eps)
<./figure/exp1_H1.6.eps>
File: ./figure/exp1_H1.9.eps Graphic file (type eps)
<./figure/exp1_H1.9.eps>
File: ./figure/exp1_H2.eps Graphic file (type eps)
<./figure/exp1_H2.eps>
 [41]
File: ./figure/exp1_M1.3.eps Graphic file (type eps)
<./figure/exp1_M1.3.eps>
File: ./figure/exp1_M1.6.eps Graphic file (type eps)
<./figure/exp1_M1.6.eps>
File: ./figure/exp1_M1.9.eps Graphic file (type eps)
<./figure/exp1_M1.9.eps>
File: ./figure/exp1_M2.eps Graphic file (type eps)
<./figure/exp1_M2.eps>
 [42]
Overfull \hbox (8.17216pt too wide) in paragraph at lines 528--562
 [][][] 
 []


Overfull \hbox (2.94746pt too wide) in paragraph at lines 569--593
 [][][] 
 []


Overfull \hbox (2.94746pt too wide) in paragraph at lines 600--624
 [][][] 
 []


Overfull \hbox (2.94746pt too wide) in paragraph at lines 630--654
 [][][] 
 []

[43]
File: ./figure/exp1_RM1.3.eps Graphic file (type eps)
<./figure/exp1_RM1.3.eps>
File: ./figure/exp1_RM1.6.eps Graphic file (type eps)
<./figure/exp1_RM1.6.eps>
File: ./figure/exp1_RM1.9.eps Graphic file (type eps)
<./figure/exp1_RM1.9.eps>
File: ./figure/exp1_RH1.3.eps Graphic file (type eps)
<./figure/exp1_RH1.3.eps>
File: ./figure/exp1_RH1.6.eps Graphic file (type eps)
<./figure/exp1_RH1.6.eps>
File: ./figure/exp1_RH1.9.eps Graphic file (type eps)
<./figure/exp1_RH1.9.eps>
 [44]
File: ./figure/exp2_s1.5.eps Graphic file (type eps)
<./figure/exp2_s1.5.eps>
File: ./figure/exp2_t1.5.eps Graphic file (type eps)
<./figure/exp2_t1.5.eps>
File: ./figure/exp2_s2.eps Graphic file (type eps)
<./figure/exp2_s2.eps>
File: ./figure/exp2_t2.eps Graphic file (type eps)
<./figure/exp2_t2.eps>
 [45]
File: ./figure/exp2_M1.3.eps Graphic file (type eps)
<./figure/exp2_M1.3.eps>
File: ./figure/exp2_M1.6.eps Graphic file (type eps)
<./figure/exp2_M1.6.eps>
File: ./figure/exp2_M1.9.eps Graphic file (type eps)
<./figure/exp2_M1.9.eps>
File: ./figure/exp2_M2.eps Graphic file (type eps)
<./figure/exp2_M2.eps>
File: ./figure/exp2_H1.3.eps Graphic file (type eps)
<./figure/exp2_H1.3.eps>
File: ./figure/exp2_H1.6.eps Graphic file (type eps)
<./figure/exp2_H1.6.eps>
File: ./figure/exp2_H1.9.eps Graphic file (type eps)
<./figure/exp2_H1.9.eps>
File: ./figure/exp2_H2.eps Graphic file (type eps)
<./figure/exp2_H2.eps>
 [46] [47]
File: ./figure/exp2_RM1.3.eps Graphic file (type eps)
<./figure/exp2_RM1.3.eps>
File: ./figure/exp2_RM1.6.eps Graphic file (type eps)
<./figure/exp2_RM1.6.eps>
File: ./figure/exp2_RM1.9.eps Graphic file (type eps)
<./figure/exp2_RM1.9.eps>
 [48]
File: ./figure/exp2_RH1.3.eps Graphic file (type eps)
<./figure/exp2_RH1.3.eps>
File: ./figure/exp2_RH1.6.eps Graphic file (type eps)
<./figure/exp2_RH1.6.eps>
File: ./figure/exp2_RH1.9.eps Graphic file (type eps)
<./figure/exp2_RH1.9.eps>
File: ./figure/exp2_contour3_p0.eps Graphic file (type eps)
<./figure/exp2_contour3_p0.eps>
File: ./figure/exp2_contour3_p1.eps Graphic file (type eps)
<./figure/exp2_contour3_p1.eps>
File: ./figure/exp2_contour3_p5.eps Graphic file (type eps)
<./figure/exp2_contour3_p5.eps>
File: ./figure/exp2_contour3_p10.eps Graphic file (type eps)
<./figure/exp2_contour3_p10.eps>
File: ./figure/exp2_contour3_p50.eps Graphic file (type eps)
<./figure/exp2_contour3_p50.eps>
File: ./figure/exp2_contour3_p100.eps Graphic file (type eps)
<./figure/exp2_contour3_p100.eps>
File: ./figure/exp2_contour6_p0.eps Graphic file (type eps)
<./figure/exp2_contour6_p0.eps>
File: ./figure/exp2_contour6_p1.eps Graphic file (type eps)
<./figure/exp2_contour6_p1.eps>
File: ./figure/exp2_contour6_p5.eps Graphic file (type eps)
<./figure/exp2_contour6_p5.eps>
File: ./figure/exp2_contour6_p10.eps Graphic file (type eps)
<./figure/exp2_contour6_p10.eps>
File: ./figure/exp2_contour6_p50.eps Graphic file (type eps)
<./figure/exp2_contour6_p50.eps>
File: ./figure/exp2_contour6_p100.eps Graphic file (type eps)
<./figure/exp2_contour6_p100.eps>
 [49]
File: ./figure/exp2_contour99_p0.eps Graphic file (type eps)
<./figure/exp2_contour99_p0.eps>
File: ./figure/exp2_contour99_p1.eps Graphic file (type eps)
<./figure/exp2_contour99_p1.eps>
File: ./figure/exp2_contour99_p5.eps Graphic file (type eps)
<./figure/exp2_contour99_p5.eps>
File: ./figure/exp2_contour99_p10.eps Graphic file (type eps)
<./figure/exp2_contour99_p10.eps>
File: ./figure/exp2_contour99_p50.eps Graphic file (type eps)
<./figure/exp2_contour99_p50.eps>
File: ./figure/exp2_contour99_p100.eps Graphic file (type eps)
<./figure/exp2_contour99_p100.eps>
File: ./figure/exp2_contour2_p0.eps Graphic file (type eps)
<./figure/exp2_contour2_p0.eps>
File: ./figure/exp2_contour2_p1.eps Graphic file (type eps)
<./figure/exp2_contour2_p1.eps>
File: ./figure/exp2_contour2_p5.eps Graphic file (type eps)
<./figure/exp2_contour2_p5.eps>
File: ./figure/exp2_contour2_p10.eps Graphic file (type eps)
<./figure/exp2_contour2_p10.eps>
File: ./figure/exp2_contour2_p50.eps Graphic file (type eps)
<./figure/exp2_contour2_p50.eps>
File: ./figure/exp2_contour2_p100.eps Graphic file (type eps)
<./figure/exp2_contour2_p100.eps>

Underfull \vbox (badness 10000) has occurred while \output is active []

 [50]) [51]
\openout2 = `chap/chap5.aux'.

 (./chap/chap5.tex [52




]
5
) [53]

Class ctexbook Warning: Command `\CTEXsetup' is deprecated.
(ctexbook)              \ctexset { chapter = { number={},format={\center } } }
(ctexbook)              is set.

\openout2 = `chap/ref.aux'.

(./chap/ref.tex [54




] [55]
Underfull \vbox (badness 10000) has occurred while \output is active []

 [56]
Underfull \vbox (badness 10000) has occurred while \output is active []

 [57]) [58]

Class ctexbook Warning: Command `\CTEXsetup' is deprecated.
(ctexbook)              \ctexset { chapter = {
(ctexbook)              name={,},number={},format={\center } } } is set.

\openout2 = `chap/thanks_ex.aux'.

(./chap/thanks_ex.tex) [59





]

Class ctexbook Warning: Command `\CTEXsetup' is deprecated.
(ctexbook)              \ctexset { chapter = { number={},format={\center } } }
(ctexbook)              is set.

\openout2 = `chap/ach_ex.aux'.

(./chap/ach_ex.tex [60





]
Underfull \hbox (badness 1902) in paragraph at lines 3--4
[]\T1/ptm/b/n/10.53937 ***\T1/ptm/m/n/10.53937 , ***, ***. Hamiltonian-preserving schemes for the two-dimensional frac-tional non-lin-ear
 []

) [61]
\tf@thm=\write6
\openout6 = `10636_20210801068_LW.thm'.

 (./10636_20210801068_LW.aux (./chap/thm.aux) (./chap/abs_ex.aux) (./chap/chap1.aux) (./chap/chap2.aux) (./chap/chap3.aux) (./chap/chap4.aux) (./chap/chap5.aux) (./chap/ref.aux) (./chap/thanks_ex.aux) (./chap/ach_ex.aux))

LaTeX Font Warning: Size substitutions with differences
(Font)              up to 4.5pt have occurred.


LaTeX Font Warning: Some font shapes were not available, defaults substituted.


LaTeX Warning: There were multiply-defined labels.

Package rerunfilecheck Info: File `10636_20210801068_LW.out' has not changed.
(rerunfilecheck)             Checksum: 8FFB0D6B21B9813C83727B2D902C0399;3858.
 )
(\end occurred when \ifx on line 26 was incomplete) 
Here is how much of TeX's memory you used:
 24152 strings out of 475744
 515404 string characters out of 5802617
 860471 words of memory out of 5000000
 44676 multiletter control sequences out of 15000+600000
 534707 words of font info for 194 fonts, out of 8000000 for 9000
 1348 hyphenation exceptions out of 8191
 89i,17n,97p,1267b,652s stack positions out of 10000i,1000n,20000p,200000b,200000s

Output written on 10636_20210801068_LW.pdf (73 pages).
