This is pdfTeX, Version 3.1415926-2.3-1.40.12 (MiKTeX 2.9) (preloaded format=pdflatex 2020.11.27)  8 MAY 2021 10:34
entering extended mode
**C:/Users/21079/Desktop/绛杈/data/ch01.tex
(C:/Users/21079/Desktop/绛杈/data/ch01.tex
LaTeX2e <2011/06/27>
Babel <v3.8m> and hyphenation patterns for loaded.
! Undefined control sequence.
l.3 \section
            [选题来源]{选题来源}\label{sec:1}
? 
! Emergency stop.
l.3 \section
            [选题来源]{选题来源}\label{sec:1}
End of file on the terminal!

 
Here is how much of TeX's memory you used:
 7 strings out of 495354
 177 string characters out of 3183858
 44842 words of memory out of 3000000
 3276 multiletter control sequences out of 15000+200000
 3640 words of font info for 14 fonts, out of 3000000 for 9000
 14 hyphenation exceptions out of 8191
 5i,0n,1p,112b,8s stack positions out of 5000i,500n,10000p,200000b,50000s
!  ==> Fatal error occurred, no output PDF file produced!
