This is XeTeX, Version 3.141592653-2.6-0.999995 (TeX Live 2023) (preloaded format=xelatex 2023.9.21)  29 FEB 2024 15:08
entering extended mode
 restricted \write18 enabled.
 file:line:error style messages enabled.
 %&-line parsing enabled.
**slide
(./slide.tex
LaTeX2e <2022-11-01> patch level 1
L3 programming layer <2023-02-22> (/usr/local/texlive/2023/texmf-dist/tex/latex/beamer/beamer.cls
Document Class: beamer 2023/02/20 v3.69 A class for typesetting presentations
(/usr/local/texlive/2023/texmf-dist/tex/latex/beamer/beamerbasemodes.sty (/usr/local/texlive/2023/texmf-dist/tex/latex/etoolbox/etoolbox.sty
Package: etoolbox 2020/10/05 v2.5k e-TeX tools for LaTeX (JAW)
\etb@tempcnta=\count181
)
\beamer@tempbox=\box51
\beamer@tempcount=\count182
\c@beamerpauses=\count183
 (/usr/local/texlive/2023/texmf-dist/tex/latex/beamer/beamerbasedecode.sty
\beamer@slideinframe=\count184
\beamer@minimum=\count185
\beamer@decode@box=\box52
)
\beamer@commentbox=\box53
\beamer@modecount=\count186
) (/usr/local/texlive/2023/texmf-dist/tex/generic/iftex/iftex.sty
Package: iftex 2022/02/03 v1.0f TeX engine tests
)
\headdp=\dimen140
\footheight=\dimen141
\sidebarheight=\dimen142
\beamer@tempdim=\dimen143
\beamer@finalheight=\dimen144
\beamer@animht=\dimen145
\beamer@animdp=\dimen146
\beamer@animwd=\dimen147
\beamer@leftmargin=\dimen148
\beamer@rightmargin=\dimen149
\beamer@leftsidebar=\dimen150
\beamer@rightsidebar=\dimen151
\beamer@boxsize=\dimen152
\beamer@vboxoffset=\dimen153
\beamer@descdefault=\dimen154
\beamer@descriptionwidth=\dimen155
\beamer@lastskip=\skip48
\beamer@areabox=\box54
\beamer@animcurrent=\box55
\beamer@animshowbox=\box56
\beamer@sectionbox=\box57
\beamer@logobox=\box58
\beamer@linebox=\box59
\beamer@sectioncount=\count187
\beamer@subsubsectionmax=\count188
\beamer@subsectionmax=\count189
\beamer@sectionmax=\count190
\beamer@totalheads=\count191
\beamer@headcounter=\count192
\beamer@partstartpage=\count193
\beamer@sectionstartpage=\count194
\beamer@subsectionstartpage=\count195
\beamer@animationtempa=\count196
\beamer@animationtempb=\count197
\beamer@xpos=\count198
\beamer@ypos=\count199
\beamer@ypos@offset=\count266
\beamer@showpartnumber=\count267
\beamer@currentsubsection=\count268
\beamer@coveringdepth=\count269
\beamer@sectionadjust=\count270
\beamer@toclastsection=\count271
\beamer@tocsectionnumber=\count272
 (/usr/local/texlive/2023/texmf-dist/tex/latex/beamer/beamerbaseoptions.sty (/usr/local/texlive/2023/texmf-dist/tex/latex/graphics/keyval.sty
Package: keyval 2022/05/29 v1.15 key=value parser (DPC)
\KV@toks@=\toks16
))
\beamer@paperwidth=\skip49
\beamer@paperheight=\skip50
 (/usr/local/texlive/2023/texmf-dist/tex/latex/geometry/geometry.sty
Package: geometry 2020/01/02 v5.9 Page Geometry
 (/usr/local/texlive/2023/texmf-dist/tex/generic/iftex/ifvtex.sty
Package: ifvtex 2019/10/25 v1.7 ifvtex legacy package. Use iftex instead.
)
\Gm@cnth=\count273
\Gm@cntv=\count274
\c@Gm@tempcnt=\count275
\Gm@bindingoffset=\dimen156
\Gm@wd@mp=\dimen157
\Gm@odd@mp=\dimen158
\Gm@even@mp=\dimen159
\Gm@layoutwidth=\dimen160
\Gm@layoutheight=\dimen161
\Gm@layouthoffset=\dimen162
\Gm@layoutvoffset=\dimen163
\Gm@dimlist=\toks17
) (/usr/local/texlive/2023/texmf-dist/tex/latex/pgf/math/pgfmath.sty (/usr/local/texlive/2023/texmf-dist/tex/latex/pgf/utilities/pgfrcs.sty (/usr/local/texlive/2023/texmf-dist/tex/generic/pgf/utilities/pgfutil-common.tex
\pgfutil@everybye=\toks18
\pgfutil@tempdima=\dimen164
\pgfutil@tempdimb=\dimen165
) (/usr/local/texlive/2023/texmf-dist/tex/generic/pgf/utilities/pgfutil-latex.def
\pgfutil@abb=\box60
) (/usr/local/texlive/2023/texmf-dist/tex/generic/pgf/utilities/pgfrcs.code.tex (/usr/local/texlive/2023/texmf-dist/tex/generic/pgf/pgf.revision.tex)
Package: pgfrcs 2023-01-15 v3.1.10 (3.1.10)
)) (/usr/local/texlive/2023/texmf-dist/tex/latex/pgf/utilities/pgfkeys.sty (/usr/local/texlive/2023/texmf-dist/tex/generic/pgf/utilities/pgfkeys.code.tex
\pgfkeys@pathtoks=\toks19
\pgfkeys@temptoks=\toks20
 (/usr/local/texlive/2023/texmf-dist/tex/generic/pgf/utilities/pgfkeyslibraryfiltered.code.tex
\pgfkeys@tmptoks=\toks21
))) (/usr/local/texlive/2023/texmf-dist/tex/generic/pgf/math/pgfmath.code.tex (/usr/local/texlive/2023/texmf-dist/tex/generic/pgf/math/pgfmathutil.code.tex
\pgf@x=\dimen166
\pgf@xa=\dimen167
\pgf@xb=\dimen168
\pgf@xc=\dimen169
\pgf@y=\dimen170
\pgf@ya=\dimen171
\pgf@yb=\dimen172
\pgf@yc=\dimen173
\c@pgf@counta=\count276
\c@pgf@countb=\count277
\c@pgf@countc=\count278
\c@pgf@countd=\count279
) (/usr/local/texlive/2023/texmf-dist/tex/generic/pgf/math/pgfmathparser.code.tex
\pgfmath@dimen=\dimen174
\pgfmath@count=\count280
\pgfmath@box=\box61
\pgfmath@toks=\toks22
\pgfmath@stack@operand=\toks23
\pgfmath@stack@operation=\toks24
) (/usr/local/texlive/2023/texmf-dist/tex/generic/pgf/math/pgfmathfunctions.code.tex) (/usr/local/texlive/2023/texmf-dist/tex/generic/pgf/math/pgfmathfunctions.basic.code.tex) (/usr/local/texlive/2023/texmf-dist/tex/generic/pgf/math/pgfmathfunctions.trigonometric.code.tex) (/usr/local/texlive/2023/texmf-dist/tex/generic/pgf/math/pgfmathfunctions.random.code.tex) (/usr/local/texlive/2023/texmf-dist/tex/generic/pgf/math/pgfmathfunctions.comparison.code.tex) (/usr/local/texlive/2023/texmf-dist/tex/generic/pgf/math/pgfmathfunctions.base.code.tex) (/usr/local/texlive/2023/texmf-dist/tex/generic/pgf/math/pgfmathfunctions.round.code.tex) (/usr/local/texlive/2023/texmf-dist/tex/generic/pgf/math/pgfmathfunctions.misc.code.tex) (/usr/local/texlive/2023/texmf-dist/tex/generic/pgf/math/pgfmathfunctions.integerarithmetics.code.tex) (/usr/local/texlive/2023/texmf-dist/tex/generic/pgf/math/pgfmathcalc.code.tex) (/usr/local/texlive/2023/texmf-dist/tex/generic/pgf/math/pgfmathfloat.code.tex
\c@pgfmathroundto@lastzeros=\count281
))) (/usr/local/texlive/2023/texmf-dist/tex/latex/base/size11.clo
File: size11.clo 2022/07/02 v1.4n Standard LaTeX file (size option)
) (/usr/local/texlive/2023/texmf-dist/tex/latex/pgf/basiclayer/pgfcore.sty (/usr/local/texlive/2023/texmf-dist/tex/latex/graphics/graphicx.sty
Package: graphicx 2021/09/16 v1.2d Enhanced LaTeX Graphics (DPC,SPQR)
 (/usr/local/texlive/2023/texmf-dist/tex/latex/graphics/graphics.sty
Package: graphics 2022/03/10 v1.4e Standard LaTeX Graphics (DPC,SPQR)
 (/usr/local/texlive/2023/texmf-dist/tex/latex/graphics/trig.sty
Package: trig 2021/08/11 v1.11 sin cos tan (DPC)
) (/usr/local/texlive/2023/texmf-dist/tex/latex/graphics-cfg/graphics.cfg
File: graphics.cfg 2016/06/04 v1.11 sample graphics configuration
)
Package graphics Info: Driver file: xetex.def on input line 107.
 (/usr/local/texlive/2023/texmf-dist/tex/latex/graphics-def/xetex.def
File: xetex.def 2022/09/22 v5.0n Graphics/color driver for xetex
))
\Gin@req@height=\dimen175
\Gin@req@width=\dimen176
) (/usr/local/texlive/2023/texmf-dist/tex/latex/pgf/systemlayer/pgfsys.sty (/usr/local/texlive/2023/texmf-dist/tex/generic/pgf/systemlayer/pgfsys.code.tex
Package: pgfsys 2023-01-15 v3.1.10 (3.1.10)
\pgf@x=\dimen177
\pgf@y=\dimen178
\pgf@xa=\dimen179
\pgf@ya=\dimen180
\pgf@xb=\dimen181
\pgf@yb=\dimen182
\pgf@xc=\dimen183
\pgf@yc=\dimen184
\pgf@xd=\dimen185
\pgf@yd=\dimen186
\w@pgf@writea=\write3
\r@pgf@reada=\read2
\c@pgf@counta=\count282
\c@pgf@countb=\count283
\c@pgf@countc=\count284
\c@pgf@countd=\count285
\t@pgf@toka=\toks25
\t@pgf@tokb=\toks26
\t@pgf@tokc=\toks27
\pgf@sys@id@count=\count286
 (/usr/local/texlive/2023/texmf-dist/tex/generic/pgf/systemlayer/pgf.cfg
File: pgf.cfg 2023-01-15 v3.1.10 (3.1.10)
)
Driver file for pgf: pgfsys-xetex.def
 (/usr/local/texlive/2023/texmf-dist/tex/generic/pgf/systemlayer/pgfsys-xetex.def
File: pgfsys-xetex.def 2023-01-15 v3.1.10 (3.1.10)
 (/usr/local/texlive/2023/texmf-dist/tex/generic/pgf/systemlayer/pgfsys-dvipdfmx.def
File: pgfsys-dvipdfmx.def 2023-01-15 v3.1.10 (3.1.10)
 (/usr/local/texlive/2023/texmf-dist/tex/generic/pgf/systemlayer/pgfsys-common-pdf.def
File: pgfsys-common-pdf.def 2023-01-15 v3.1.10 (3.1.10)
)
\pgfsys@objnum=\count287
))) (/usr/local/texlive/2023/texmf-dist/tex/generic/pgf/systemlayer/pgfsyssoftpath.code.tex
File: pgfsyssoftpath.code.tex 2023-01-15 v3.1.10 (3.1.10)
\pgfsyssoftpath@smallbuffer@items=\count288
\pgfsyssoftpath@bigbuffer@items=\count289
) (/usr/local/texlive/2023/texmf-dist/tex/generic/pgf/systemlayer/pgfsysprotocol.code.tex
File: pgfsysprotocol.code.tex 2023-01-15 v3.1.10 (3.1.10)
)) (/usr/local/texlive/2023/texmf-dist/tex/latex/xcolor/xcolor.sty
Package: xcolor 2022/06/12 v2.14 LaTeX color extensions (UK)
 (/usr/local/texlive/2023/texmf-dist/tex/latex/graphics-cfg/color.cfg
File: color.cfg 2016/01/02 v1.6 sample color configuration
)
Package xcolor Info: Driver file: xetex.def on input line 227.
 (/usr/local/texlive/2023/texmf-dist/tex/latex/graphics/mathcolor.ltx)
Package xcolor Info: Model `cmy' substituted by `cmy0' on input line 1353.
Package xcolor Info: Model `RGB' extended on input line 1369.
Package xcolor Info: Model `HTML' substituted by `rgb' on input line 1371.
Package xcolor Info: Model `Hsb' substituted by `hsb' on input line 1372.
Package xcolor Info: Model `tHsb' substituted by `hsb' on input line 1373.
Package xcolor Info: Model `HSB' substituted by `hsb' on input line 1374.
Package xcolor Info: Model `Gray' substituted by `gray' on input line 1375.
Package xcolor Info: Model `wave' substituted by `hsb' on input line 1376.
) (/usr/local/texlive/2023/texmf-dist/tex/generic/pgf/basiclayer/pgfcore.code.tex
Package: pgfcore 2023-01-15 v3.1.10 (3.1.10)
 (/usr/local/texlive/2023/texmf-dist/tex/generic/pgf/math/pgfint.code.tex) (/usr/local/texlive/2023/texmf-dist/tex/generic/pgf/basiclayer/pgfcorepoints.code.tex
File: pgfcorepoints.code.tex 2023-01-15 v3.1.10 (3.1.10)
\pgf@picminx=\dimen187
\pgf@picmaxx=\dimen188
\pgf@picminy=\dimen189
\pgf@picmaxy=\dimen190
\pgf@pathminx=\dimen191
\pgf@pathmaxx=\dimen192
\pgf@pathminy=\dimen193
\pgf@pathmaxy=\dimen194
\pgf@xx=\dimen195
\pgf@xy=\dimen196
\pgf@yx=\dimen197
\pgf@yy=\dimen198
\pgf@zx=\dimen199
\pgf@zy=\dimen256
) (/usr/local/texlive/2023/texmf-dist/tex/generic/pgf/basiclayer/pgfcorepathconstruct.code.tex
File: pgfcorepathconstruct.code.tex 2023-01-15 v3.1.10 (3.1.10)
\pgf@path@lastx=\dimen257
\pgf@path@lasty=\dimen258
) (/usr/local/texlive/2023/texmf-dist/tex/generic/pgf/basiclayer/pgfcorepathusage.code.tex
File: pgfcorepathusage.code.tex 2023-01-15 v3.1.10 (3.1.10)
\pgf@shorten@end@additional=\dimen259
\pgf@shorten@start@additional=\dimen260
) (/usr/local/texlive/2023/texmf-dist/tex/generic/pgf/basiclayer/pgfcorescopes.code.tex
File: pgfcorescopes.code.tex 2023-01-15 v3.1.10 (3.1.10)
\pgfpic=\box62
\pgf@hbox=\box63
\pgf@layerbox@main=\box64
\pgf@picture@serial@count=\count290
) (/usr/local/texlive/2023/texmf-dist/tex/generic/pgf/basiclayer/pgfcoregraphicstate.code.tex
File: pgfcoregraphicstate.code.tex 2023-01-15 v3.1.10 (3.1.10)
\pgflinewidth=\dimen261
) (/usr/local/texlive/2023/texmf-dist/tex/generic/pgf/basiclayer/pgfcoretransformations.code.tex
File: pgfcoretransformations.code.tex 2023-01-15 v3.1.10 (3.1.10)
\pgf@pt@x=\dimen262
\pgf@pt@y=\dimen263
\pgf@pt@temp=\dimen264
) (/usr/local/texlive/2023/texmf-dist/tex/generic/pgf/basiclayer/pgfcorequick.code.tex
File: pgfcorequick.code.tex 2023-01-15 v3.1.10 (3.1.10)
) (/usr/local/texlive/2023/texmf-dist/tex/generic/pgf/basiclayer/pgfcoreobjects.code.tex
File: pgfcoreobjects.code.tex 2023-01-15 v3.1.10 (3.1.10)
) (/usr/local/texlive/2023/texmf-dist/tex/generic/pgf/basiclayer/pgfcorepathprocessing.code.tex
File: pgfcorepathprocessing.code.tex 2023-01-15 v3.1.10 (3.1.10)
) (/usr/local/texlive/2023/texmf-dist/tex/generic/pgf/basiclayer/pgfcorearrows.code.tex
File: pgfcorearrows.code.tex 2023-01-15 v3.1.10 (3.1.10)
\pgfarrowsep=\dimen265
) (/usr/local/texlive/2023/texmf-dist/tex/generic/pgf/basiclayer/pgfcoreshade.code.tex
File: pgfcoreshade.code.tex 2023-01-15 v3.1.10 (3.1.10)
\pgf@max=\dimen266
\pgf@sys@shading@range@num=\count291
\pgf@shadingcount=\count292
) (/usr/local/texlive/2023/texmf-dist/tex/generic/pgf/basiclayer/pgfcoreimage.code.tex
File: pgfcoreimage.code.tex 2023-01-15 v3.1.10 (3.1.10)
) (/usr/local/texlive/2023/texmf-dist/tex/generic/pgf/basiclayer/pgfcoreexternal.code.tex
File: pgfcoreexternal.code.tex 2023-01-15 v3.1.10 (3.1.10)
\pgfexternal@startupbox=\box65
) (/usr/local/texlive/2023/texmf-dist/tex/generic/pgf/basiclayer/pgfcorelayers.code.tex
File: pgfcorelayers.code.tex 2023-01-15 v3.1.10 (3.1.10)
) (/usr/local/texlive/2023/texmf-dist/tex/generic/pgf/basiclayer/pgfcoretransparency.code.tex
File: pgfcoretransparency.code.tex 2023-01-15 v3.1.10 (3.1.10)
) (/usr/local/texlive/2023/texmf-dist/tex/generic/pgf/basiclayer/pgfcorepatterns.code.tex
File: pgfcorepatterns.code.tex 2023-01-15 v3.1.10 (3.1.10)
) (/usr/local/texlive/2023/texmf-dist/tex/generic/pgf/basiclayer/pgfcorerdf.code.tex
File: pgfcorerdf.code.tex 2023-01-15 v3.1.10 (3.1.10)
))) (/usr/local/texlive/2023/texmf-dist/tex/latex/pgf/utilities/xxcolor.sty
Package: xxcolor 2003/10/24 ver 0.1
\XC@nummixins=\count293
\XC@countmixins=\count294
) (/usr/local/texlive/2023/texmf-dist/tex/latex/base/atbegshi-ltx.sty
Package: atbegshi-ltx 2021/01/10 v1.0c Emulation of the original atbegshi
package with kernel methods
) (/usr/local/texlive/2023/texmf-dist/tex/latex/hyperref/hyperref.sty
Package: hyperref 2023-02-07 v7.00v Hypertext links for LaTeX
 (/usr/local/texlive/2023/texmf-dist/tex/generic/ltxcmds/ltxcmds.sty
Package: ltxcmds 2020-05-10 v1.25 LaTeX kernel commands for general use (HO)
) (/usr/local/texlive/2023/texmf-dist/tex/generic/pdftexcmds/pdftexcmds.sty
Package: pdftexcmds 2020-06-27 v0.33 Utility functions of pdfTeX for LuaTeX (HO)
 (/usr/local/texlive/2023/texmf-dist/tex/generic/infwarerr/infwarerr.sty
Package: infwarerr 2019/12/03 v1.5 Providing info/warning/error messages (HO)
)
Package pdftexcmds Info: \pdf@primitive is available.
Package pdftexcmds Info: \pdf@ifprimitive is available.
Package pdftexcmds Info: \pdfdraftmode not found.
) (/usr/local/texlive/2023/texmf-dist/tex/latex/kvsetkeys/kvsetkeys.sty
Package: kvsetkeys 2022-10-05 v1.19 Key value parser (HO)
) (/usr/local/texlive/2023/texmf-dist/tex/generic/kvdefinekeys/kvdefinekeys.sty
Package: kvdefinekeys 2019-12-19 v1.6 Define keys (HO)
) (/usr/local/texlive/2023/texmf-dist/tex/generic/pdfescape/pdfescape.sty
Package: pdfescape 2019/12/09 v1.15 Implements pdfTeX's escape features (HO)
) (/usr/local/texlive/2023/texmf-dist/tex/latex/hycolor/hycolor.sty
Package: hycolor 2020-01-27 v1.10 Color options for hyperref/bookmark (HO)
) (/usr/local/texlive/2023/texmf-dist/tex/latex/letltxmacro/letltxmacro.sty
Package: letltxmacro 2019/12/03 v1.6 Let assignment for LaTeX macros (HO)
) (/usr/local/texlive/2023/texmf-dist/tex/latex/auxhook/auxhook.sty
Package: auxhook 2019-12-17 v1.6 Hooks for auxiliary files (HO)
) (/usr/local/texlive/2023/texmf-dist/tex/latex/hyperref/nameref.sty
Package: nameref 2022-05-17 v2.50 Cross-referencing by name of section
 (/usr/local/texlive/2023/texmf-dist/tex/latex/refcount/refcount.sty
Package: refcount 2019/12/15 v3.6 Data extraction from label references (HO)
) (/usr/local/texlive/2023/texmf-dist/tex/generic/gettitlestring/gettitlestring.sty
Package: gettitlestring 2019/12/15 v1.6 Cleanup title references (HO)
 (/usr/local/texlive/2023/texmf-dist/tex/latex/kvoptions/kvoptions.sty
Package: kvoptions 2022-06-15 v3.15 Key value format for package options (HO)
))
\c@section@level=\count295
)
\@linkdim=\dimen267
\Hy@linkcounter=\count296
\Hy@pagecounter=\count297
 (/usr/local/texlive/2023/texmf-dist/tex/latex/hyperref/pd1enc.def
File: pd1enc.def 2023-02-07 v7.00v Hyperref: PDFDocEncoding definition (HO)
) (/usr/local/texlive/2023/texmf-dist/tex/generic/intcalc/intcalc.sty
Package: intcalc 2019/12/15 v1.3 Expandable calculations with integers (HO)
) (/usr/local/texlive/2023/texmf-dist/tex/generic/etexcmds/etexcmds.sty
Package: etexcmds 2019/12/15 v1.7 Avoid name clashes with e-TeX commands (HO)
)
\Hy@SavedSpaceFactor=\count298
 (/usr/local/texlive/2023/texmf-dist/tex/latex/hyperref/puenc.def
File: puenc.def 2023-02-07 v7.00v Hyperref: PDF Unicode definition (HO)
)
Package hyperref Info: Option `bookmarks' set `true' on input line 4060.
Package hyperref Info: Option `bookmarksopen' set `true' on input line 4060.
Package hyperref Info: Option `implicit' set `false' on input line 4060.
Package hyperref Info: Hyper figures OFF on input line 4177.
Package hyperref Info: Link nesting OFF on input line 4182.
Package hyperref Info: Hyper index ON on input line 4185.
Package hyperref Info: Plain pages OFF on input line 4192.
Package hyperref Info: Backreferencing OFF on input line 4197.
Package hyperref Info: Implicit mode OFF; no redefinition of LaTeX internals.
Package hyperref Info: Bookmarks ON on input line 4425.
\c@Hy@tempcnt=\count299
 (/usr/local/texlive/2023/texmf-dist/tex/latex/url/url.sty
\Urlmuskip=\muskip16
Package: url 2013/09/16  ver 3.4  Verb mode for urls, etc.
)
LaTeX Info: Redefining \url on input line 4763.
\XeTeXLinkMargin=\dimen268
 (/usr/local/texlive/2023/texmf-dist/tex/generic/bitset/bitset.sty
Package: bitset 2019/12/09 v1.3 Handle bit-vector datatype (HO)
 (/usr/local/texlive/2023/texmf-dist/tex/generic/bigintcalc/bigintcalc.sty
Package: bigintcalc 2019/12/15 v1.5 Expandable calculations on big integers (HO)
))
\Fld@menulength=\count300
\Field@Width=\dimen269
\Fld@charsize=\dimen270
Package hyperref Info: Hyper figures OFF on input line 6042.
Package hyperref Info: Link nesting OFF on input line 6047.
Package hyperref Info: Hyper index ON on input line 6050.
Package hyperref Info: backreferencing OFF on input line 6057.
Package hyperref Info: Link coloring OFF on input line 6062.
Package hyperref Info: Link coloring with OCG OFF on input line 6067.
Package hyperref Info: PDF/A mode OFF on input line 6072.
\Hy@abspage=\count301


Package hyperref Message: Stopped early.

)
Package hyperref Info: Driver (autodetected): hxetex.
 (/usr/local/texlive/2023/texmf-dist/tex/latex/hyperref/hxetex.def
File: hxetex.def 2023-02-07 v7.00v Hyperref driver for XeTeX
 (/usr/local/texlive/2023/texmf-dist/tex/generic/stringenc/stringenc.sty
Package: stringenc 2019/11/29 v1.12 Convert strings between diff. encodings (HO)
)
\pdfm@box=\box66
\c@Hy@AnnotLevel=\count302
\HyField@AnnotCount=\count303
\Fld@listcount=\count304
\c@bookmark@seq@number=\count305
 (/usr/local/texlive/2023/texmf-dist/tex/latex/rerunfilecheck/rerunfilecheck.sty
Package: rerunfilecheck 2022-07-10 v1.10 Rerun checks for auxiliary files (HO)
 (/usr/local/texlive/2023/texmf-dist/tex/latex/base/atveryend-ltx.sty
Package: atveryend-ltx 2020/08/19 v1.0a Emulation of the original atveryend package
with kernel methods
) (/usr/local/texlive/2023/texmf-dist/tex/generic/uniquecounter/uniquecounter.sty
Package: uniquecounter 2019/12/15 v1.4 Provide unlimited unique counter (HO)
)
Package uniquecounter Info: New unique counter `rerunfilecheck' on input line 285.
)) (/usr/local/texlive/2023/texmf-dist/tex/latex/beamer/beamerbaserequires.sty (/usr/local/texlive/2023/texmf-dist/tex/latex/beamer/beamerbasecompatibility.sty) (/usr/local/texlive/2023/texmf-dist/tex/latex/beamer/beamerbasefont.sty (/usr/local/texlive/2023/texmf-dist/tex/latex/amsfonts/amssymb.sty
Package: amssymb 2013/01/14 v3.01 AMS font symbols
 (/usr/local/texlive/2023/texmf-dist/tex/latex/amsfonts/amsfonts.sty
Package: amsfonts 2013/01/14 v3.01 Basic AMSFonts support
\@emptytoks=\toks28
\symAMSa=\mathgroup4
\symAMSb=\mathgroup5
LaTeX Font Info:    Redeclaring math symbol \hbar on input line 98.
LaTeX Font Info:    Overwriting math alphabet `\mathfrak' in version `bold'
(Font)                  U/euf/m/n --> U/euf/b/n on input line 106.
)) (/usr/local/texlive/2023/texmf-dist/tex/latex/sansmathaccent/sansmathaccent.sty
Package: sansmathaccent 2020/01/31
 (/usr/local/texlive/2023/texmf-dist/tex/latex/koma-script/scrlfile.sty
Package: scrlfile 2022/10/12 v3.38 KOMA-Script package (file load hooks)
 (/usr/local/texlive/2023/texmf-dist/tex/latex/koma-script/scrlfile-hook.sty
Package: scrlfile-hook 2022/10/12 v3.38 KOMA-Script package (using LaTeX hooks)
 (/usr/local/texlive/2023/texmf-dist/tex/latex/koma-script/scrlogo.sty
Package: scrlogo 2022/10/12 v3.38 KOMA-Script package (logo)
))))) (/usr/local/texlive/2023/texmf-dist/tex/latex/beamer/beamerbasetranslator.sty (/usr/local/texlive/2023/texmf-dist/tex/latex/translator/translator.sty
Package: translator 2021-05-31 v1.12d Easy translation of strings in LaTeX
)) (/usr/local/texlive/2023/texmf-dist/tex/latex/beamer/beamerbasemisc.sty) (/usr/local/texlive/2023/texmf-dist/tex/latex/beamer/beamerbasetwoscreens.sty) (/usr/local/texlive/2023/texmf-dist/tex/latex/beamer/beamerbaseoverlay.sty
\beamer@argscount=\count306
\beamer@lastskipcover=\skip51
\beamer@trivlistdepth=\count307
) (/usr/local/texlive/2023/texmf-dist/tex/latex/beamer/beamerbasetitle.sty) (/usr/local/texlive/2023/texmf-dist/tex/latex/beamer/beamerbasesection.sty
\c@lecture=\count308
\c@part=\count309
\c@section=\count310
\c@subsection=\count311
\c@subsubsection=\count312
) (/usr/local/texlive/2023/texmf-dist/tex/latex/beamer/beamerbaseframe.sty
\beamer@framebox=\box67
\beamer@frametitlebox=\box68
\beamer@zoombox=\box69
\beamer@zoomcount=\count313
\beamer@zoomframecount=\count314
\beamer@frametextheight=\dimen271
\c@subsectionslide=\count315
\beamer@frametopskip=\skip52
\beamer@framebottomskip=\skip53
\beamer@frametopskipautobreak=\skip54
\beamer@framebottomskipautobreak=\skip55
\beamer@envbody=\toks29
\framewidth=\dimen272
\c@framenumber=\count316
) (/usr/local/texlive/2023/texmf-dist/tex/latex/beamer/beamerbaseverbatim.sty
\beamer@verbatimfileout=\write4
) (/usr/local/texlive/2023/texmf-dist/tex/latex/beamer/beamerbaseframesize.sty
\beamer@splitbox=\box70
\beamer@autobreakcount=\count317
\beamer@autobreaklastheight=\dimen273
\beamer@frametitletoks=\toks30
\beamer@framesubtitletoks=\toks31
) (/usr/local/texlive/2023/texmf-dist/tex/latex/beamer/beamerbaseframecomponents.sty
\beamer@footins=\box71
) (/usr/local/texlive/2023/texmf-dist/tex/latex/beamer/beamerbasecolor.sty) (/usr/local/texlive/2023/texmf-dist/tex/latex/beamer/beamerbasenotes.sty
\beamer@frameboxcopy=\box72
) (/usr/local/texlive/2023/texmf-dist/tex/latex/beamer/beamerbasetoc.sty) (/usr/local/texlive/2023/texmf-dist/tex/latex/beamer/beamerbasetemplates.sty
\beamer@sbttoks=\toks32
 (/usr/local/texlive/2023/texmf-dist/tex/latex/beamer/beamerbaseauxtemplates.sty (/usr/local/texlive/2023/texmf-dist/tex/latex/beamer/beamerbaseboxes.sty
\bmb@box=\box73
\bmb@colorbox=\box74
\bmb@boxwidth=\dimen274
\bmb@boxheight=\dimen275
\bmb@prevheight=\dimen276
\bmb@temp=\dimen277
\bmb@dima=\dimen278
\bmb@dimb=\dimen279
\bmb@prevheight=\dimen280
)
\beamer@blockheadheight=\dimen281
)) (/usr/local/texlive/2023/texmf-dist/tex/latex/beamer/beamerbaselocalstructure.sty (/usr/local/texlive/2023/texmf-dist/tex/latex/tools/enumerate.sty
Package: enumerate 2015/07/23 v3.00 enumerate extensions (DPC)
\@enLab=\toks33
)
\beamer@bibiconwidth=\skip56
\c@figure=\count318
\c@table=\count319
\abovecaptionskip=\skip57
\belowcaptionskip=\skip58
) (/usr/local/texlive/2023/texmf-dist/tex/latex/beamer/beamerbasenavigation.sty (/usr/local/texlive/2023/texmf-dist/tex/latex/beamer/beamerbasenavigationsymbols.tex)
\beamer@section@min@dim=\dimen282
) (/usr/local/texlive/2023/texmf-dist/tex/latex/beamer/beamerbasetheorems.sty (/usr/local/texlive/2023/texmf-dist/tex/latex/amsmath/amsmath.sty
Package: amsmath 2022/04/08 v2.17n AMS math features
\@mathmargin=\skip59

For additional information on amsmath, use the `?' option.
(/usr/local/texlive/2023/texmf-dist/tex/latex/amsmath/amstext.sty
Package: amstext 2021/08/26 v2.01 AMS text
 (/usr/local/texlive/2023/texmf-dist/tex/latex/amsmath/amsgen.sty
File: amsgen.sty 1999/11/30 v2.0 generic functions
\@emptytoks=\toks34
\ex@=\dimen283
)) (/usr/local/texlive/2023/texmf-dist/tex/latex/amsmath/amsbsy.sty
Package: amsbsy 1999/11/29 v1.2d Bold Symbols
\pmbraise@=\dimen284
) (/usr/local/texlive/2023/texmf-dist/tex/latex/amsmath/amsopn.sty
Package: amsopn 2022/04/08 v2.04 operator names
)
\inf@bad=\count320
LaTeX Info: Redefining \frac on input line 234.
\uproot@=\count321
\leftroot@=\count322
LaTeX Info: Redefining \overline on input line 399.
LaTeX Info: Redefining \colon on input line 410.
\classnum@=\count323
\DOTSCASE@=\count324
LaTeX Info: Redefining \ldots on input line 496.
LaTeX Info: Redefining \dots on input line 499.
LaTeX Info: Redefining \cdots on input line 620.
\Mathstrutbox@=\box75
\strutbox@=\box76
LaTeX Info: Redefining \big on input line 722.
LaTeX Info: Redefining \Big on input line 723.
LaTeX Info: Redefining \bigg on input line 724.
LaTeX Info: Redefining \Bigg on input line 725.
\big@size=\dimen285
LaTeX Font Info:    Redeclaring font encoding OML on input line 743.
LaTeX Font Info:    Redeclaring font encoding OMS on input line 744.
\macc@depth=\count325
LaTeX Info: Redefining \bmod on input line 905.
LaTeX Info: Redefining \pmod on input line 910.
LaTeX Info: Redefining \smash on input line 940.
LaTeX Info: Redefining \relbar on input line 970.
LaTeX Info: Redefining \Relbar on input line 971.
\c@MaxMatrixCols=\count326
\dotsspace@=\muskip17
\c@parentequation=\count327
\dspbrk@lvl=\count328
\tag@help=\toks35
\row@=\count329
\column@=\count330
\maxfields@=\count331
\andhelp@=\toks36
\eqnshift@=\dimen286
\alignsep@=\dimen287
\tagshift@=\dimen288
\tagwidth@=\dimen289
\totwidth@=\dimen290
\lineht@=\dimen291
\@envbody=\toks37
\multlinegap=\skip60
\multlinetaggap=\skip61
\mathdisplay@stack=\toks38
LaTeX Info: Redefining \[ on input line 2953.
LaTeX Info: Redefining \] on input line 2954.
) (/usr/local/texlive/2023/texmf-dist/tex/latex/amscls/amsthm.sty
Package: amsthm 2020/05/29 v2.20.6
\thm@style=\toks39
\thm@bodyfont=\toks40
\thm@headfont=\toks41
\thm@notefont=\toks42
\thm@headpunct=\toks43
\thm@preskip=\skip62
\thm@postskip=\skip63
\thm@headsep=\skip64
\dth@everypar=\toks44
)
\c@theorem=\count332
) (/usr/local/texlive/2023/texmf-dist/tex/latex/beamer/beamerbasethemes.sty)) (/usr/local/texlive/2023/texmf-dist/tex/latex/beamer/beamerthemedefault.sty (/usr/local/texlive/2023/texmf-dist/tex/latex/beamer/beamerfontthemedefault.sty) (/usr/local/texlive/2023/texmf-dist/tex/latex/beamer/beamercolorthemedefault.sty) (/usr/local/texlive/2023/texmf-dist/tex/latex/beamer/beamerinnerthemedefault.sty
\beamer@dima=\dimen292
\beamer@dimb=\dimen293
) (/usr/local/texlive/2023/texmf-dist/tex/latex/beamer/beamerouterthemedefault.sty))) (/usr/local/texlive/2023/texmf-dist/tex/latex/ctex/ctex.sty (/usr/local/texlive/2023/texmf-dist/tex/latex/l3kernel/expl3.sty
Package: expl3 2023-02-22 L3 programming layer (loader) 
 (/usr/local/texlive/2023/texmf-dist/tex/latex/l3backend/l3backend-xetex.def
File: l3backend-xetex.def 2023-01-16 L3 backend support: XeTeX
\g__graphics_track_int=\count333
\l__pdf_internal_box=\box77
\g__pdf_backend_object_int=\count334
\g__pdf_backend_annotation_int=\count335
\g__pdf_backend_link_int=\count336
))
Package: ctex 2022/07/14 v2.5.10 Chinese adapter in LaTeX (CTEX)
 (/usr/local/texlive/2023/texmf-dist/tex/latex/ctex/ctexhook.sty
Package: ctexhook 2022/07/14 v2.5.10 Document and package hooks (CTEX)
) (/usr/local/texlive/2023/texmf-dist/tex/latex/ctex/ctexpatch.sty
Package: ctexpatch 2022/07/14 v2.5.10 Patching commands (CTEX)
) (/usr/local/texlive/2023/texmf-dist/tex/latex/base/fix-cm.sty
Package: fix-cm 2020/11/24 v1.1t fixes to LaTeX
 (/usr/local/texlive/2023/texmf-dist/tex/latex/base/ts1enc.def
File: ts1enc.def 2001/06/05 v3.0e (jk/car/fm) Standard LaTeX file
LaTeX Font Info:    Redeclaring font encoding TS1 on input line 47.
))
\l__ctex_tmp_int=\count337
\l__ctex_tmp_box=\box78
\l__ctex_tmp_dim=\dimen294
\g__ctex_section_depth_int=\count338
\g__ctex_font_size_int=\count339
 (/usr/local/texlive/2023/texmf-dist/tex/latex/ctex/config/ctexopts.cfg
File: ctexopts.cfg 2022/07/14 v2.5.10 Option configuration file (CTEX)
) (/usr/local/texlive/2023/texmf-dist/tex/latex/ctex/engine/ctex-engine-xetex.def
File: ctex-engine-xetex.def 2022/07/14 v2.5.10 XeLaTeX adapter (CTEX)
 (/usr/local/texlive/2023/texmf-dist/tex/xelatex/xecjk/xeCJK.sty
Package: xeCJK 2022/08/05 v3.9.1 Typesetting CJK scripts with XeLaTeX
 (/usr/local/texlive/2023/texmf-dist/tex/latex/l3packages/xtemplate/xtemplate.sty
Package: xtemplate 2023-02-02 L3 Experimental prototype document functions
\l__xtemplate_tmp_dim=\dimen295
\l__xtemplate_tmp_int=\count340
\l__xtemplate_tmp_muskip=\muskip18
\l__xtemplate_tmp_skip=\skip65
)
\l__xeCJK_tmp_int=\count341
\l__xeCJK_tmp_box=\box79
\l__xeCJK_tmp_dim=\dimen296
\l__xeCJK_tmp_skip=\skip66
\g__xeCJK_space_factor_int=\count342
\l__xeCJK_begin_int=\count343
\l__xeCJK_end_int=\count344
\c__xeCJK_CJK_class_int=\XeTeXcharclass1
\c__xeCJK_FullLeft_class_int=\XeTeXcharclass2
\c__xeCJK_FullRight_class_int=\XeTeXcharclass3
\c__xeCJK_HalfLeft_class_int=\XeTeXcharclass4
\c__xeCJK_HalfRight_class_int=\XeTeXcharclass5
\c__xeCJK_NormalSpace_class_int=\XeTeXcharclass6
\c__xeCJK_CM_class_int=\XeTeXcharclass7
\c__xeCJK_HangulJamo_class_int=\XeTeXcharclass8
\l__xeCJK_last_skip=\skip67
\c__xeCJK_none_node=\count345
\g__xeCJK_node_int=\count346
\c__xeCJK_CJK_node_dim=\dimen297
\c__xeCJK_CJK-space_node_dim=\dimen298
\c__xeCJK_default_node_dim=\dimen299
\c__xeCJK_CJK-widow_node_dim=\dimen300
\c__xeCJK_normalspace_node_dim=\dimen301
\c__xeCJK_default-space_node_skip=\skip68
\l__xeCJK_ccglue_skip=\skip69
\l__xeCJK_ecglue_skip=\skip70
\l__xeCJK_punct_kern_skip=\skip71
\l__xeCJK_indent_box=\box80
\l__xeCJK_last_penalty_int=\count347
\l__xeCJK_last_bound_dim=\dimen302
\l__xeCJK_last_kern_dim=\dimen303
\l__xeCJK_widow_penalty_int=\count348

Package xtemplate Info: Declaring object type 'xeCJK/punctuation' taking 0
(xtemplate)             argument(s) on line 2396.

\l__xeCJK_fixed_punct_width_dim=\dimen304
\l__xeCJK_mixed_punct_width_dim=\dimen305
\l__xeCJK_middle_punct_width_dim=\dimen306
\l__xeCJK_fixed_margin_width_dim=\dimen307
\l__xeCJK_mixed_margin_width_dim=\dimen308
\l__xeCJK_middle_margin_width_dim=\dimen309
\l__xeCJK_bound_punct_width_dim=\dimen310
\l__xeCJK_bound_margin_width_dim=\dimen311
\l__xeCJK_margin_minimum_dim=\dimen312
\l__xeCJK_kerning_total_width_dim=\dimen313
\l__xeCJK_same_align_margin_dim=\dimen314
\l__xeCJK_different_align_margin_dim=\dimen315
\l__xeCJK_kerning_margin_width_dim=\dimen316
\l__xeCJK_kerning_margin_minimum_dim=\dimen317
\l__xeCJK_bound_dim=\dimen318
\l__xeCJK_reverse_bound_dim=\dimen319
\l__xeCJK_margin_dim=\dimen320
\l__xeCJK_minimum_bound_dim=\dimen321
\l__xeCJK_kerning_margin_dim=\dimen322
\g__xeCJK_family_int=\count349
\l__xeCJK_fam_int=\count350
\g__xeCJK_fam_allocation_int=\count351
\l__xeCJK_verb_case_int=\count352
\l__xeCJK_verb_exspace_skip=\skip72
 (/usr/local/texlive/2023/texmf-dist/tex/latex/fontspec/fontspec.sty (/usr/local/texlive/2023/texmf-dist/tex/latex/l3packages/xparse/xparse.sty
Package: xparse 2023-02-02 L3 Experimental document command parser
)
Package: fontspec 2022/01/15 v2.8a Font selection for XeLaTeX and LuaLaTeX
 (/usr/local/texlive/2023/texmf-dist/tex/latex/fontspec/fontspec-xetex.sty
Package: fontspec-xetex 2022/01/15 v2.8a Font selection for XeLaTeX and LuaLaTeX
\l__fontspec_script_int=\count353
\l__fontspec_language_int=\count354
\l__fontspec_strnum_int=\count355
\l__fontspec_tmp_int=\count356
\l__fontspec_tmpa_int=\count357
\l__fontspec_tmpb_int=\count358
\l__fontspec_tmpc_int=\count359
\l__fontspec_em_int=\count360
\l__fontspec_emdef_int=\count361
\l__fontspec_strong_int=\count362
\l__fontspec_strongdef_int=\count363
\l__fontspec_tmpa_dim=\dimen323
\l__fontspec_tmpb_dim=\dimen324
\l__fontspec_tmpc_dim=\dimen325
 (/usr/local/texlive/2023/texmf-dist/tex/latex/base/fontenc.sty
Package: fontenc 2021/04/29 v2.0v Standard LaTeX package
) (/usr/local/texlive/2023/texmf-dist/tex/latex/fontspec/fontspec.cfg))) (/usr/local/texlive/2023/texmf-dist/tex/xelatex/xecjk/xeCJK.cfg
File: xeCJK.cfg 2022/08/05 v3.9.1 Configuration file for xeCJK package
))
\ccwd=\dimen326
\l__ctex_ccglue_skip=\skip73
)
\l__ctex_ziju_dim=\dimen327
 (/usr/local/texlive/2023/texmf-dist/tex/latex/zhnumber/zhnumber.sty
Package: zhnumber 2022/07/14 v3.0 Typesetting numbers with Chinese glyphs
\l__zhnum_scale_int=\count364
\l__zhnum_tmp_int=\count365
 (/usr/local/texlive/2023/texmf-dist/tex/latex/zhnumber/zhnumber-utf8.cfg
File: zhnumber-utf8.cfg 2022/07/14 v3.0 Chinese numerals with UTF8 encoding
)) (/usr/local/texlive/2023/texmf-dist/tex/latex/ctex/scheme/ctex-scheme-chinese.def
File: ctex-scheme-chinese.def 2022/07/14 v2.5.10 Chinese scheme for generic (CTEX)
 (/usr/local/texlive/2023/texmf-dist/tex/latex/ctex/config/ctex-name-utf8.cfg
File: ctex-name-utf8.cfg 2022/07/14 v2.5.10 Caption with encoding UTF-8 (CTEX)
)) (/usr/local/texlive/2023/texmf-dist/tex/latex/ctex/fontset/ctex-fontset-mac.def
File: ctex-fontset-mac.def 2022/07/14 v2.5.10 macOS fonts definition (CTEX)
 (/usr/local/texlive/2023/texmf-dist/tex/latex/ctex/fontset/ctex-fontset-macnew.def
File: ctex-fontset-macnew.def 2022/07/14 v2.5.10 macOS fonts definition for El Capitan or later version (CTEX)


Package fontspec Warning: Font "Songti SC Light" does not contain requested
(fontspec)                Script "CJK".


Package fontspec Info: Font family 'SongtiSCLight(0)' created for font 'Songti
(fontspec)             SC Light' with options
(fontspec)             [Script={CJK},BoldItalicFont={Kaiti SC
(fontspec)             Bold},BoldFont={Songti SC Bold},ItalicFont={Kaiti SC}].
(fontspec)              
(fontspec)              This font family consists of the following NFSS
(fontspec)             series/shapes:
(fontspec)              
(fontspec)             - 'normal' (m/n) with NFSS spec.: <->"Songti SC
(fontspec)             Light/OT:language=dflt;"
(fontspec)             - 'small caps'  (m/sc) with NFSS spec.: 
(fontspec)             - 'bold' (b/n) with NFSS spec.: <->"Songti SC
(fontspec)             Bold/OT:language=dflt;"
(fontspec)             - 'bold small caps'  (b/sc) with NFSS spec.: 
(fontspec)             - 'italic' (m/it) with NFSS spec.: <->"Kaiti
(fontspec)             SC/OT:language=dflt;"
(fontspec)             - 'italic small caps'  (m/scit) with NFSS spec.: 
(fontspec)             - 'bold italic' (b/it) with NFSS spec.: <->"Kaiti SC
(fontspec)             Bold/OT:language=dflt;"
(fontspec)             - 'bold italic small caps'  (b/scit) with NFSS spec.: 

))) (/usr/local/texlive/2023/texmf-dist/tex/latex/ctex/config/ctex.cfg
File: ctex.cfg 2022/07/14 v2.5.10 Configuration file (CTEX)
) (/usr/local/texlive/2023/texmf-dist/tex/latex/fundus-calligra/calligra.sty
Package: calligra 2012/04/10 v1.9 LaTeX package calligra
) (/usr/local/texlive/2023/texmf-dist/tex/latex/psnfss/pifont.sty
Package: pifont 2020/03/25 PSNFSS-v9.3 Pi font support (SPQR) 
LaTeX Font Info:    Trying to load font information for U+pzd on input line 63.
 (/usr/local/texlive/2023/texmf-dist/tex/latex/psnfss/upzd.fd
File: upzd.fd 2001/06/04 font definitions for U/pzd.
)
LaTeX Font Info:    Trying to load font information for U+psy on input line 64.
 (/usr/local/texlive/2023/texmf-dist/tex/latex/psnfss/upsy.fd
File: upsy.fd 2001/06/04 font definitions for U/psy.
)) (/usr/local/texlive/2023/texmf-dist/tex/latex/pgf/frontendlayer/tikz.sty (/usr/local/texlive/2023/texmf-dist/tex/latex/pgf/basiclayer/pgf.sty
Package: pgf 2023-01-15 v3.1.10 (3.1.10)
 (/usr/local/texlive/2023/texmf-dist/tex/generic/pgf/modules/pgfmoduleshapes.code.tex
File: pgfmoduleshapes.code.tex 2023-01-15 v3.1.10 (3.1.10)
\pgfnodeparttextbox=\box81
) (/usr/local/texlive/2023/texmf-dist/tex/generic/pgf/modules/pgfmoduleplot.code.tex
File: pgfmoduleplot.code.tex 2023-01-15 v3.1.10 (3.1.10)
) (/usr/local/texlive/2023/texmf-dist/tex/latex/pgf/compatibility/pgfcomp-version-0-65.sty
Package: pgfcomp-version-0-65 2023-01-15 v3.1.10 (3.1.10)
\pgf@nodesepstart=\dimen328
\pgf@nodesepend=\dimen329
) (/usr/local/texlive/2023/texmf-dist/tex/latex/pgf/compatibility/pgfcomp-version-1-18.sty
Package: pgfcomp-version-1-18 2023-01-15 v3.1.10 (3.1.10)
)) (/usr/local/texlive/2023/texmf-dist/tex/latex/pgf/utilities/pgffor.sty (/usr/local/texlive/2023/texmf-dist/tex/generic/pgf/utilities/pgffor.code.tex
Package: pgffor 2023-01-15 v3.1.10 (3.1.10)
\pgffor@iter=\dimen330
\pgffor@skip=\dimen331
\pgffor@stack=\toks45
\pgffor@toks=\toks46
)) (/usr/local/texlive/2023/texmf-dist/tex/generic/pgf/frontendlayer/tikz/tikz.code.tex
Package: tikz 2023-01-15 v3.1.10 (3.1.10)
 (/usr/local/texlive/2023/texmf-dist/tex/generic/pgf/libraries/pgflibraryplothandlers.code.tex
File: pgflibraryplothandlers.code.tex 2023-01-15 v3.1.10 (3.1.10)
\pgf@plot@mark@count=\count366
\pgfplotmarksize=\dimen332
)
\tikz@lastx=\dimen333
\tikz@lasty=\dimen334
\tikz@lastxsaved=\dimen335
\tikz@lastysaved=\dimen336
\tikz@lastmovetox=\dimen337
\tikz@lastmovetoy=\dimen338
\tikzleveldistance=\dimen339
\tikzsiblingdistance=\dimen340
\tikz@figbox=\box82
\tikz@figbox@bg=\box83
\tikz@tempbox=\box84
\tikz@tempbox@bg=\box85
\tikztreelevel=\count367
\tikznumberofchildren=\count368
\tikznumberofcurrentchild=\count369
\tikz@fig@count=\count370
 (/usr/local/texlive/2023/texmf-dist/tex/generic/pgf/modules/pgfmodulematrix.code.tex
File: pgfmodulematrix.code.tex 2023-01-15 v3.1.10 (3.1.10)
\pgfmatrixcurrentrow=\count371
\pgfmatrixcurrentcolumn=\count372
\pgf@matrix@numberofcolumns=\count373
)
\tikz@expandcount=\count374
 (/usr/local/texlive/2023/texmf-dist/tex/generic/pgf/frontendlayer/tikz/libraries/tikzlibrarytopaths.code.tex
File: tikzlibrarytopaths.code.tex 2023-01-15 v3.1.10 (3.1.10)
))) (/usr/local/texlive/2023/texmf-dist/tex/latex/base/fontenc.sty
Package: fontenc 2021/04/29 v2.0v Standard LaTeX package
LaTeX Font Info:    Trying to load font information for T1+lmss on input line 112.
 (/usr/local/texlive/2023/texmf-dist/tex/latex/lm/t1lmss.fd
File: t1lmss.fd 2015/05/01 v1.6.1 Font defs for Latin Modern
)) (./SICNU.sty (/usr/local/texlive/2023/texmf-dist/tex/latex/beamer/beamerinnerthemecircles.sty))
\c@remark=\count375
\c@myexample=\count376
\sympureletters=\mathgroup6
LaTeX Font Info:    Overwriting symbol font `pureletters' in version `bold'
(Font)                  OT1/mathkerncmss/m/sl --> OT1/mathkerncmss/bx/sl on input line 19.
 (/usr/local/texlive/2023/texmf-dist/tex/latex/tools/bm.sty
Package: bm 2022/01/05 v1.2f Bold Symbol Support (DPC/FMi)
\symboldoperators=\mathgroup7
\symboldletters=\mathgroup8
\symboldsymbols=\mathgroup9
Package bm Info: No bold for \OMX/cmex/m/n, using \pmb.
Package bm Info: No bold for \U/msa/m/n, using \pmb.
Package bm Info: No bold for \U/msb/m/n, using \pmb.
\symboldpureletters=\mathgroup10
LaTeX Font Info:    Redeclaring math alphabet \mathbf on input line 149.
) (/usr/local/texlive/2023/texmf-dist/tex/latex/subfigure/subfigure.sty
Package: subfigure 2002/03/15 v2.1.5 subfigure package
\subfigtopskip=\skip74
\subfigcapskip=\skip75
\subfigcaptopadj=\dimen341
\subfigbottomskip=\skip76
\subfigcapmargin=\dimen342
\subfiglabelskip=\skip77
\c@subfigure=\count377
\c@lofdepth=\count378
\c@subtable=\count379
\c@lotdepth=\count380

****************************************
* Local config file subfigure.cfg used *
****************************************
(/usr/local/texlive/2023/texmf-dist/tex/latex/subfigure/subfigure.cfg)
\subfig@top=\skip78
\subfig@bottom=\skip79
) (/usr/local/texlive/2023/texmf-dist/tex/latex/ragged2e/ragged2e.sty
Package: ragged2e 2023/02/25 v3.4 ragged2e Package
\CenteringLeftskip=\skip80
\RaggedLeftLeftskip=\skip81
\RaggedRightLeftskip=\skip82
\CenteringRightskip=\skip83
\RaggedLeftRightskip=\skip84
\RaggedRightRightskip=\skip85
\CenteringParfillskip=\skip86
\RaggedLeftParfillskip=\skip87
\RaggedRightParfillskip=\skip88
\JustifyingParfillskip=\skip89
\CenteringParindent=\skip90
\RaggedLeftParindent=\skip91
\RaggedRightParindent=\skip92
\JustifyingParindent=\skip93
) (/usr/local/texlive/2023/texmf-dist/tex/latex/booktabs/booktabs.sty
Package: booktabs 2020/01/12 v1.61803398 Publication quality tables
\heavyrulewidth=\dimen343
\lightrulewidth=\dimen344
\cmidrulewidth=\dimen345
\belowrulesep=\dimen346
\belowbottomsep=\dimen347
\aboverulesep=\dimen348
\abovetopsep=\dimen349
\cmidrulesep=\dimen350
\cmidrulekern=\dimen351
\defaultaddspace=\dimen352
\@cmidla=\count381
\@cmidlb=\count382
\@aboverulesep=\dimen353
\@belowrulesep=\dimen354
\@thisruleclass=\count383
\@lastruleclass=\count384
\@thisrulewidth=\dimen355
) (/usr/local/texlive/2023/texmf-dist/tex/latex/makecell/makecell.sty
Package: makecell 2009/08/03 V0.1e Managing of Tab Column Heads and Cells
 (/usr/local/texlive/2023/texmf-dist/tex/latex/tools/array.sty
Package: array 2022/09/04 v2.5g Tabular extension package (FMi)
\col@sep=\dimen356
\ar@mcellbox=\box86
\extrarowheight=\dimen357
\NC@list=\toks47
\extratabsurround=\skip94
\backup@length=\skip95
\ar@cellbox=\box87
)
\rotheadsize=\dimen358
\c@nlinenum=\count385
\TeXr@lab=\toks48
) (/usr/local/texlive/2023/texmf-dist/tex/latex/multirow/multirow.sty
Package: multirow 2021/03/15 v2.8 Span multiple rows of a table
\multirow@colwidth=\skip96
\multirow@cntb=\count386
\multirow@dima=\skip97
\bigstrutjot=\dimen359
) (/usr/local/texlive/2023/texmf-dist/tex/latex/tools/tabularx.sty
Package: tabularx 2020/01/15 v2.11c `tabularx' package (DPC)
\TX@col@width=\dimen360
\TX@old@table=\dimen361
\TX@old@col=\dimen362
\TX@target=\dimen363
\TX@delta=\dimen364
\TX@cols=\count387
\TX@ftn=\toks49
) (/usr/local/texlive/2023/texmf-dist/tex/latex/float/float.sty
Package: float 2001/11/08 v1.3d Float enhancements (AL)
\c@float@type=\count388
\float@exts=\toks50
\float@box=\box88
\@float@everytoks=\toks51
\@floatcapt=\box89
) (/usr/local/texlive/2023/texmf-dist/tex/latex/tools/indentfirst.sty
Package: indentfirst 1995/11/23 v1.03 Indent first paragraph (DPC)
)

Package hyperref Warning: Token not allowed in a PDF string (Unicode):
(hyperref)                \hskip 10.95pt
(hyperref)                replaced by space on input line 32.


Package hyperref Warning: Token not allowed in a PDF string (Unicode):
(hyperref)                \hskip 10.95pt
(hyperref)                replaced by space on input line 32.

(/usr/local/texlive/2023/texmf-dist/tex/latex/beamer/beamerfontthemeserif.sty)

Package fontspec Info: Could not resolve font "PingFang SC/I" (it probably
(fontspec)             doesn't exist).


Package fontspec Info: Font family 'PingFangSC(0)' created for font 'PingFang
(fontspec)             SC' with options [Script={CJK}].
(fontspec)              
(fontspec)              This font family consists of the following NFSS
(fontspec)             series/shapes:
(fontspec)              
(fontspec)             - 'normal' (m/n) with NFSS spec.: <->"PingFang
(fontspec)             SC/OT:script=hani;language=dflt;"
(fontspec)             - 'small caps'  (m/sc) with NFSS spec.: 
(fontspec)             - 'bold' (b/n) with NFSS spec.: <->"PingFang
(fontspec)             SC/B/OT:script=hani;language=dflt;"
(fontspec)             - 'bold small caps'  (b/sc) with NFSS spec.: 
(fontspec)             - 'bold italic' (b/it) with NFSS spec.: <->"PingFang
(fontspec)             SC/BI/OT:script=hani;language=dflt;"
(fontspec)             - 'bold italic small caps'  (b/scit) with NFSS spec.: 

 (./slide.aux

LaTeX Warning: Label `fig_SAVRRK:2-4' multiply defined.


LaTeX Warning: Label `fig_SAVRRK:3-4' multiply defined.


LaTeX Warning: Label `fig_SAVRRK:3-5' multiply defined.


LaTeX Warning: Label `fig_PAVF:3' multiply defined.


LaTeX Warning: Label `fig_PAVF:4' multiply defined.


LaTeX Warning: Label `fig_PAVF:9' multiply defined.


LaTeX Warning: Label `fig_PAVF:10' multiply defined.


LaTeX Warning: Label `fig_PAVF:13' multiply defined.


LaTeX Warning: Label `fig_PAVF:13' multiply defined.


LaTeX Warning: Label `fig_PAVF:13' multiply defined.


LaTeX Warning: Label `fig_PAVF:13' multiply defined.


LaTeX Warning: Label `fig_PAVF:13' multiply defined.

)
\openout1 = `slide.aux'.

LaTeX Font Info:    Checking defaults for OML/cmm/m/it on input line 37.
LaTeX Font Info:    ... okay on input line 37.
LaTeX Font Info:    Checking defaults for OMS/cmsy/m/n on input line 37.
LaTeX Font Info:    ... okay on input line 37.
LaTeX Font Info:    Checking defaults for OT1/cmr/m/n on input line 37.
LaTeX Font Info:    ... okay on input line 37.
LaTeX Font Info:    Checking defaults for T1/cmr/m/n on input line 37.
LaTeX Font Info:    ... okay on input line 37.
LaTeX Font Info:    Checking defaults for TS1/cmr/m/n on input line 37.
LaTeX Font Info:    ... okay on input line 37.
LaTeX Font Info:    Checking defaults for TU/lmr/m/n on input line 37.
LaTeX Font Info:    ... okay on input line 37.
LaTeX Font Info:    Checking defaults for OMX/cmex/m/n on input line 37.
LaTeX Font Info:    ... okay on input line 37.
LaTeX Font Info:    Checking defaults for U/cmr/m/n on input line 37.
LaTeX Font Info:    ... okay on input line 37.
LaTeX Font Info:    Checking defaults for PD1/pdf/m/n on input line 37.
LaTeX Font Info:    ... okay on input line 37.
LaTeX Font Info:    Checking defaults for PU/pdf/m/n on input line 37.
LaTeX Font Info:    ... okay on input line 37.

*geometry* driver: auto-detecting
*geometry* detected driver: xetex
*geometry* verbose mode - [ preamble ] result:
* driver: xetex
* paper: custom
* layout: <same size as paper>
* layoutoffset:(h,v)=(0.0pt,0.0pt)
* modes: includehead includefoot 
* h-part:(L,W,R)=(28.45274pt, 398.3386pt, 28.45274pt)
* v-part:(T,H,B)=(0.0pt, 256.0748pt, 0.0pt)
* \paperwidth=455.24408pt
* \paperheight=256.0748pt
* \textwidth=398.3386pt
* \textheight=227.62207pt
* \oddsidemargin=-43.81725pt
* \evensidemargin=-43.81725pt
* \topmargin=-72.26999pt
* \headheight=14.22636pt
* \headsep=0.0pt
* \topskip=11.0pt
* \footskip=14.22636pt
* \marginparwidth=4.0pt
* \marginparsep=10.0pt
* \columnsep=10.0pt
* \skip\footins=10.0pt plus 4.0pt minus 2.0pt
* \hoffset=0.0pt
* \voffset=0.0pt
* \mag=1000
* \@twocolumnfalse
* \@twosidefalse
* \@mparswitchfalse
* \@reversemarginfalse
* (1in=72.27pt=25.4mm, 1cm=28.453pt)

Package hyperref Info: Link coloring OFF on input line 37.
(./slide.out) (./slide.out)
\@outlinefile=\write5
\openout5 = `slide.out'.

\symnumbers=\mathgroup11
LaTeX Font Info:    Redeclaring symbol font `pureletters' on input line 37.
LaTeX Font Info:    Encoding `OT1' has changed to `T1' for symbol font
(Font)              `pureletters' in the math version `normal' on input line 37.
LaTeX Font Info:    Overwriting symbol font `pureletters' in version `normal'
(Font)                  OT1/mathkerncmss/m/sl --> T1/lmr/m/it on input line 37.
LaTeX Font Info:    Encoding `OT1' has changed to `T1' for symbol font
(Font)              `pureletters' in the math version `bold' on input line 37.
LaTeX Font Info:    Overwriting symbol font `pureletters' in version `bold'
(Font)                  OT1/mathkerncmss/bx/sl --> T1/lmr/m/it on input line 37.
LaTeX Font Info:    Overwriting math alphabet `\mathrm' in version `normal'
(Font)                  OT1/cmr/m/n --> T1/lmr/m/n on input line 37.
LaTeX Font Info:    Redeclaring math alphabet \mathbf on input line 37.
LaTeX Font Info:    Redeclaring math alphabet \mathsf on input line 37.
LaTeX Font Info:    Overwriting math alphabet `\mathsf' in version `normal'
(Font)                  OT1/cmss/m/n --> T1/lmss/m/n on input line 37.
LaTeX Font Info:    Overwriting math alphabet `\mathsf' in version `bold'
(Font)                  OT1/cmss/bx/n --> T1/lmss/m/n on input line 37.
LaTeX Font Info:    Redeclaring math alphabet \mathit on input line 37.
LaTeX Font Info:    Overwriting math alphabet `\mathit' in version `normal'
(Font)                  OT1/cmr/m/it --> T1/lmr/m/it on input line 37.
LaTeX Font Info:    Overwriting math alphabet `\mathit' in version `bold'
(Font)                  OT1/cmr/bx/it --> T1/lmr/m/it on input line 37.
LaTeX Font Info:    Redeclaring math alphabet \mathtt on input line 37.
LaTeX Font Info:    Overwriting math alphabet `\mathtt' in version `normal'
(Font)                  OT1/cmtt/m/n --> T1/lmtt/m/n on input line 37.
LaTeX Font Info:    Overwriting math alphabet `\mathtt' in version `bold'
(Font)                  OT1/cmtt/m/n --> T1/lmtt/m/n on input line 37.
LaTeX Font Info:    Overwriting symbol font `numbers' in version `bold'
(Font)                  T1/lmr/m/n --> T1/lmr/b/n on input line 37.
LaTeX Font Info:    Overwriting symbol font `pureletters' in version `bold'
(Font)                  T1/lmr/m/it --> T1/lmr/b/it on input line 37.
LaTeX Font Info:    Overwriting math alphabet `\mathrm' in version `bold'
(Font)                  OT1/cmr/bx/n --> T1/lmr/b/n on input line 37.
LaTeX Font Info:    Overwriting math alphabet `\mathbf' in version `bold'
(Font)                  T1/lmr/b/n --> T1/lmr/b/n on input line 37.
LaTeX Font Info:    Overwriting math alphabet `\mathsf' in version `bold'
(Font)                  T1/lmss/m/n --> T1/lmss/b/n on input line 37.
LaTeX Font Info:    Overwriting math alphabet `\mathit' in version `bold'
(Font)                  T1/lmr/m/it --> T1/lmr/b/it on input line 37.
LaTeX Font Info:    Overwriting math alphabet `\mathtt' in version `bold'
(Font)                  T1/lmtt/m/n --> T1/lmtt/b/n on input line 37.
LaTeX Font Info:    Redeclaring symbol font `boldpureletters' on input line 37.
LaTeX Font Info:    Encoding `OT1' has changed to `T1' for symbol font
(Font)              `boldpureletters' in the math version `normal' on input line 37.
LaTeX Font Info:    Overwriting symbol font `boldpureletters' in version `normal'
(Font)                  OT1/mathkerncmss/bx/sl --> T1/lmr/bx/it on input line 37.
LaTeX Font Info:    Encoding `OT1' has changed to `T1' for symbol font
(Font)              `boldpureletters' in the math version `bold' on input line 37.
LaTeX Font Info:    Overwriting symbol font `boldpureletters' in version `bold'
(Font)                  OT1/mathkerncmss/bx/sl --> T1/lmr/bx/it on input line 37.
 (/usr/local/texlive/2023/texmf-dist/tex/latex/translator/translator-basic-dictionary-English.dict
Dictionary: translator-basic-dictionary, Language: English 
) (/usr/local/texlive/2023/texmf-dist/tex/latex/translator/translator-bibliography-dictionary-English.dict
Dictionary: translator-bibliography-dictionary, Language: English 
) (/usr/local/texlive/2023/texmf-dist/tex/latex/translator/translator-environment-dictionary-English.dict
Dictionary: translator-environment-dictionary, Language: English 
) (/usr/local/texlive/2023/texmf-dist/tex/latex/translator/translator-months-dictionary-English.dict
Dictionary: translator-months-dictionary, Language: English 
) (/usr/local/texlive/2023/texmf-dist/tex/latex/translator/translator-numbers-dictionary-English.dict
Dictionary: translator-numbers-dictionary, Language: English 
) (/usr/local/texlive/2023/texmf-dist/tex/latex/translator/translator-theorem-dictionary-English.dict
Dictionary: translator-theorem-dictionary, Language: English 
) (/usr/local/texlive/2023/texmf-dist/tex/latex/ctex/dictionary/translator-theorem-dictionary-ChineseUTF8.dict
Dictionary: translator-theorem-dictionary, Language: ChineseUTF8 2022/07/14 v2.5.10 Chinese translation for theorem name (CTEX)
)

Package fontspec Info: Adjusting the maths setup (use [no-math] to avoid
(fontspec)             this).

\symlegacymaths=\mathgroup12
LaTeX Font Info:    Overwriting symbol font `legacymaths' in version `bold'
(Font)                  OT1/cmr/m/n --> OT1/cmr/bx/n on input line 37.
LaTeX Font Info:    Redeclaring math accent \acute on input line 37.
LaTeX Font Info:    Redeclaring math accent \grave on input line 37.
LaTeX Font Info:    Redeclaring math accent \ddot on input line 37.
LaTeX Font Info:    Redeclaring math accent \tilde on input line 37.
LaTeX Font Info:    Redeclaring math accent \bar on input line 37.
LaTeX Font Info:    Redeclaring math accent \breve on input line 37.
LaTeX Font Info:    Redeclaring math accent \check on input line 37.
LaTeX Font Info:    Redeclaring math accent \hat on input line 37.
LaTeX Font Info:    Redeclaring math accent \dot on input line 37.
LaTeX Font Info:    Redeclaring math accent \mathring on input line 37.
LaTeX Font Info:    Redeclaring math symbol \Gamma on input line 37.
LaTeX Font Info:    Redeclaring math symbol \Delta on input line 37.
LaTeX Font Info:    Redeclaring math symbol \Theta on input line 37.
LaTeX Font Info:    Redeclaring math symbol \Lambda on input line 37.
LaTeX Font Info:    Redeclaring math symbol \Xi on input line 37.
LaTeX Font Info:    Redeclaring math symbol \Pi on input line 37.
LaTeX Font Info:    Redeclaring math symbol \Sigma on input line 37.
LaTeX Font Info:    Redeclaring math symbol \Upsilon on input line 37.
LaTeX Font Info:    Redeclaring math symbol \Phi on input line 37.
LaTeX Font Info:    Redeclaring math symbol \Psi on input line 37.
LaTeX Font Info:    Redeclaring math symbol \Omega on input line 37.
LaTeX Font Info:    Redeclaring math symbol \mathdollar on input line 37.
LaTeX Font Info:    Redeclaring symbol font `operators' on input line 37.
LaTeX Font Info:    Encoding `OT1' has changed to `TU' for symbol font
(Font)              `operators' in the math version `normal' on input line 37.
LaTeX Font Info:    Overwriting symbol font `operators' in version `normal'
(Font)                  OT1/cmr/m/n --> TU/lmr/m/n on input line 37.
LaTeX Font Info:    Encoding `OT1' has changed to `TU' for symbol font
(Font)              `operators' in the math version `bold' on input line 37.
LaTeX Font Info:    Overwriting symbol font `operators' in version `bold'
(Font)                  OT1/cmr/bx/n --> TU/lmr/m/n on input line 37.
LaTeX Font Info:    Overwriting symbol font `operators' in version `normal'
(Font)                  TU/lmr/m/n --> TU/lmr/m/n on input line 37.
LaTeX Font Info:    Redeclaring math alphabet \mathrm on input line 37.
LaTeX Font Info:    Overwriting math alphabet `\mathit' in version `normal'
(Font)                  T1/lmr/m/it --> TU/lmr/m/it on input line 37.
LaTeX Font Info:    Overwriting math alphabet `\mathbf' in version `normal'
(Font)                  T1/lmr/b/n --> TU/lmr/b/n on input line 37.
LaTeX Font Info:    Overwriting math alphabet `\mathsf' in version `normal'
(Font)                  T1/lmss/m/n --> TU/lmss/m/n on input line 37.
LaTeX Font Info:    Overwriting math alphabet `\mathtt' in version `normal'
(Font)                  T1/lmtt/m/n --> TU/lmtt/m/n on input line 37.
LaTeX Font Info:    Overwriting symbol font `operators' in version `bold'
(Font)                  TU/lmr/m/n --> TU/lmr/b/n on input line 37.
LaTeX Font Info:    Overwriting math alphabet `\mathit' in version `bold'
(Font)                  T1/lmr/b/it --> TU/lmr/b/it on input line 37.
LaTeX Font Info:    Overwriting math alphabet `\mathsf' in version `bold'
(Font)                  T1/lmss/b/n --> TU/lmss/b/n on input line 37.
LaTeX Font Info:    Overwriting math alphabet `\mathtt' in version `bold'
(Font)                  T1/lmtt/b/n --> TU/lmtt/b/n on input line 37.
 (./slide.nav)

Package fontspec Warning: Font "Kaiti SC" does not contain requested Script
(fontspec)                "CJK".


Package fontspec Info: Could not resolve font "Kaiti SC Bold/I" (it probably
(fontspec)             doesn't exist).


Package fontspec Info: Could not resolve font "Kaiti SC/BI" (it probably
(fontspec)             doesn't exist).


Package fontspec Info: Could not resolve font "Kaiti SC/I" (it probably
(fontspec)             doesn't exist).


Package fontspec Info: Font family 'KaitiSC(0)' created for font 'Kaiti SC'
(fontspec)             with options [Script={CJK},BoldFont={Kaiti SC Bold}].
(fontspec)              
(fontspec)              This font family consists of the following NFSS
(fontspec)             series/shapes:
(fontspec)              
(fontspec)             - 'normal' (m/n) with NFSS spec.: <->"Kaiti
(fontspec)             SC/OT:language=dflt;"
(fontspec)             - 'small caps'  (m/sc) with NFSS spec.: 
(fontspec)             - 'bold' (b/n) with NFSS spec.: <->"Kaiti SC
(fontspec)             Bold/OT:language=dflt;"
(fontspec)             - 'bold small caps'  (b/sc) with NFSS spec.: 

File: pic/SICNU_Logo2.png Graphic file (type bmp)
<pic/SICNU_Logo2.png>
[1

] (./slide.toc) [2

] (./slide.toc) [3

]
LaTeX Font Info:    Trying to load font information for U+msa on input line 101.
 (/usr/local/texlive/2023/texmf-dist/tex/latex/amsfonts/umsa.fd
File: umsa.fd 2013/01/14 v3.01 AMS symbols A
)
LaTeX Font Info:    Trying to load font information for U+msb on input line 101.
 (/usr/local/texlive/2023/texmf-dist/tex/latex/amsfonts/umsb.fd
File: umsb.fd 2013/01/14 v3.01 AMS symbols B
)
LaTeX Font Info:    Trying to load font information for T1+lmr on input line 101.
 (/usr/local/texlive/2023/texmf-dist/tex/latex/lm/t1lmr.fd
File: t1lmr.fd 2015/05/01 v1.6.1 Font defs for Latin Modern
) [4

] [5

] (./slide.toc) [6

] [7

] [8

] [9

] [10

] [11

] [12

] [13

] [14

] [15

] [16

] (./slide.toc) [17

] (./slide.toc) [18

] [19

] [20

] [21

] [22

] [23

]
Overfull \hbox (14.36084pt too wide) detected at line 576
[]
 []


Overfull \hbox (10.33218pt too wide) detected at line 576
[]
 []

[24

]
LaTeX Font Info:    Font shape `T1/lmss/m/it' in size <10.95> not available
(Font)              Font shape `T1/lmss/m/sl' tried instead on input line 596.


LaTeX Font Warning: Font shape `TU/PingFangSC(0)/m/it' undefined
(Font)              using `TU/PingFangSC(0)/m/n' instead on input line 596.

LaTeX Font Info:    Font shape `T1/lmss/m/it' in size <8> not available
(Font)              Font shape `T1/lmss/m/sl' tried instead on input line 596.
LaTeX Font Info:    Font shape `T1/lmss/m/it' in size <6> not available
(Font)              Font shape `T1/lmss/m/sl' tried instead on input line 596.

Overfull \vbox (2.32474pt too high) detected at line 596
 []

[25

] [26

] [27

] [28

] [29

] [30

]
Overfull \hbox (3.15955pt too wide) detected at line 705
[]
 []


LaTeX Font Warning: Command \small invalid in math mode on input line 705.


Overfull \hbox (18.88261pt too wide) detected at line 705
[][][]\OML/cmm/m/it/10 ^^M[]  \OT1/cmr/m/n/10 =  []\OML/cmm/m/it/10 :
 []

LaTeX Font Info:    Calculating math sizes for size <> on input line 705.
[31

] [32

] [33

] [34

] [35

] [36

] [37

]

LaTeX Warning: The counter will not be printed.
             The label is: 3 on input line 815.

[38

] [39

] [40

]
Overfull \hbox (16.43776pt too wide) in paragraph at lines 869--869
 [][][][] 
 []

[41

]
File: ./figures/exp1_r.eps Graphic file (type eps)
<./figures/exp1_r.eps>
File: ./figures/exp1_s.eps Graphic file (type eps)
<./figures/exp1_s.eps>

Overfull \hbox (14.59998pt too wide) in paragraph at lines 887--887
 [][] 
 []

[42

]
File: ./figures/exp1_energy3.eps Graphic file (type eps)
<./figures/exp1_energy3.eps>
File: ./figures/exp1_energy6.eps Graphic file (type eps)
<./figures/exp1_energy6.eps>

Overfull \hbox (14.59998pt too wide) in paragraph at lines 901--901
 [][] 
 []

[43

]
File: ./figures/exp1_energy9.eps Graphic file (type eps)
<./figures/exp1_energy9.eps>
File: ./figures/exp1_energy2.eps Graphic file (type eps)
<./figures/exp1_energy2.eps>

Overfull \hbox (14.59998pt too wide) in paragraph at lines 918--918
 [][] 
 []

[44

]
Overfull \hbox (28.40883pt too wide) detected at line 927
\T1/lmr/m/it/10.95 u\OT1/cmr/m/n/10.95 (\T1/lmr/m/it/10.95 x\OML/cmm/m/it/10.95 ; \T1/lmr/m/it/10.95 y\OML/cmm/m/it/10.95 ; \OT1/cmr/m/n/10.95 0) = [] [] \OML/cmm/m/it/10.95 ; \T1/lmr/m/it/10.95 u[]\OT1/cmr/m/n/10.95 (\T1/lmr/m/it/10.95 x\OML/cmm/m/it/10.95 ; \T1/lmr/m/it/10.95 y\OML/cmm/m/it/10.95 ; \OT1/cmr/m/n/10.95 0) = [](\T1/lmr/m/it/10.95 x \OT1/cmr/m/n/10.95 + \T1/lmr/m/it/10.95 y\OT1/cmr/m/n/10.95 ) [] [] \OML/cmm/m/it/10.95 ; \OT1/cmr/m/n/10.95 (\T1/lmr/m/it/10.95 x\OML/cmm/m/it/10.95 ; \T1/lmr/m/it/10.95 y\OML/cmm/m/it/10.95 ; \T1/lmr/m/it/10.95 t\OT1/cmr/m/n/10.95 ) \OMS/cmsy/m/n/10.95 2 \OT1/cmr/m/n/10.95 
 \OMS/cmsy/m/n/10.95 ^^B \OT1/cmr/m/n/10.95 [0\OML/cmm/m/it/10.95 ; \T1/lmr/m/it/10.95 T\OT1/cmr/m/n/10.95 ]\OML/cmm/m/it/10.95 ;
 []

[45

]
Overfull \hbox (16.43776pt too wide) in paragraph at lines 958--958
 [][][][] 
 []

[46

]
File: ./figures/exp2_r.eps Graphic file (type eps)
<./figures/exp2_r.eps>
File: ./figures/exp2_s.eps Graphic file (type eps)
<./figures/exp2_s.eps>

Overfull \hbox (14.59998pt too wide) in paragraph at lines 975--975
 [][] 
 []

[47

]
File: ./figures/exp2_energy3.eps Graphic file (type eps)
<./figures/exp2_energy3.eps>
File: ./figures/exp2_energy6.eps Graphic file (type eps)
<./figures/exp2_energy6.eps>

Overfull \hbox (14.59998pt too wide) in paragraph at lines 990--990
 [][] 
 []

[48

]
File: ./figures/exp2_energy9.eps Graphic file (type eps)
<./figures/exp2_energy9.eps>
File: ./figures/exp2_energy2.eps Graphic file (type eps)
<./figures/exp2_energy2.eps>

Overfull \hbox (14.59998pt too wide) in paragraph at lines 1007--1007
 [][] 
 []

[49

] [50

]
Overfull \hbox (16.43776pt too wide) in paragraph at lines 1052--1052
 [][][][] 
 []

[51

]
File: ./figures/exp3_energy3.eps Graphic file (type eps)
<./figures/exp3_energy3.eps>
File: ./figures/exp3_energy6.eps Graphic file (type eps)
<./figures/exp3_energy6.eps>

Overfull \hbox (14.59998pt too wide) in paragraph at lines 1067--1067
 [][] 
 []

[52

]
File: ./figures/exp3_energy9.eps Graphic file (type eps)
<./figures/exp3_energy9.eps>
File: ./figures/exp3_energy2.eps Graphic file (type eps)
<./figures/exp3_energy2.eps>

Overfull \hbox (14.59998pt too wide) in paragraph at lines 1084--1084
 [][] 
 []

[53

] [54

]
Overfull \hbox (16.43776pt too wide) in paragraph at lines 1135--1135
 [][][][] 
 []

[55

]
File: ./figures/exp4_energy3.eps Graphic file (type eps)
<./figures/exp4_energy3.eps>
File: ./figures/exp4_energy6.eps Graphic file (type eps)
<./figures/exp4_energy6.eps>

Overfull \hbox (14.59998pt too wide) in paragraph at lines 1150--1150
 [][] 
 []

[56

]
File: ./figures/exp4_energy9.eps Graphic file (type eps)
<./figures/exp4_energy9.eps>
File: ./figures/exp4_energy2.eps Graphic file (type eps)
<./figures/exp4_energy2.eps>

Overfull \hbox (14.59998pt too wide) in paragraph at lines 1167--1167
 [][] 
 []

[57

] (./slide.toc) [58

]
Missing character: There is no  ("200B) in font ec-lmss9!
Missing character: There is no  ("200B) in font ec-lmss9!
Missing character: There is no  ("200B) in font ec-lmss9!
Missing character: There is no  ("200B) in font ec-lmss9!
Missing character: There is no  ("200B) in font ec-lmss9!
Missing character: There is no  ("200B) in font ec-lmss9!
Missing character: There is no  ("200B) in font ec-lmss9!
Missing character: There is no  ("200B) in font ec-lmss9!
Missing character: There is no  ("200B) in font ec-lmss9!
Missing character: There is no  ("200B) in font ec-lmss9!
Missing character: There is no  ("200B) in font ec-lmss9!
Missing character: There is no  ("200B) in font ec-lmss9!
Missing character: There is no  ("200B) in font ec-lmss9!
Missing character: There is no  ("200B) in font ec-lmss9!
Missing character: There is no  ("200B) in font ec-lmss9!
Missing character: There is no  ("200B) in font ec-lmss9!
Missing character: There is no  ("200B) in font ec-lmss9!
Missing character: There is no  ("200B) in font ec-lmss9!
Missing character: There is no  ("200B) in font ec-lmss9!
Missing character: There is no  ("200B) in font ec-lmss9!
Missing character: There is no  ("200B) in font ec-lmss9!
Missing character: There is no  ("200B) in font ec-lmss9!
Missing character: There is no  ("200B) in font ec-lmss9!
Missing character: There is no  ("200B) in font ec-lmss9!
Missing character: There is no  ("200B) in font ec-lmss9!
Missing character: There is no  ("200B) in font ec-lmss9!
Missing character: There is no  ("200B) in font ec-lmss9!
Missing character: There is no  ("200B) in font ec-lmss9!
Missing character: There is no  ("200B) in font ec-lmss9!
Missing character: There is no  ("200B) in font ec-lmss9!
Missing character: There is no  ("200B) in font ec-lmss9!
Missing character: There is no  ("200B) in font ec-lmss9!
Missing character: There is no  ("200B) in font ec-lmss9!
Missing character: There is no  ("200B) in font ec-lmss9!
Missing character: There is no  ("200B) in font ec-lmss9!
Missing character: There is no  ("200B) in font ec-lmss9!
Missing character: There is no  ("200B) in font ec-lmss9!
Missing character: There is no  ("200B) in font ec-lmss9!
Missing character: There is no  ("200B) in font ec-lmss9!
Missing character: There is no  ("200B) in font ec-lmss9!
Missing character: There is no  ("200B) in font ec-lmss9!
Missing character: There is no  ("200B) in font ec-lmss9!
Missing character: There is no  ("200B) in font ec-lmss9!
Missing character: There is no  ("200B) in font ec-lmss9!
Missing character: There is no  ("200B) in font ec-lmss9!
Missing character: There is no  ("200B) in font ec-lmss9!
Missing character: There is no  ("200B) in font ec-lmss9!
Missing character: There is no  ("200B) in font ec-lmss9!
Missing character: There is no  ("200B) in font ec-lmss9!
Missing character: There is no  ("200B) in font ec-lmss9!
Missing character: There is no  ("200B) in font ec-lmss9!
Missing character: There is no  ("200B) in font ec-lmss9!
Missing character: There is no  ("200B) in font ec-lmss9!
Missing character: There is no  ("200B) in font ec-lmss9!
Missing character: There is no  ("200B) in font ec-lmss9!
Missing character: There is no  ("200B) in font ec-lmss9!
Missing character: There is no  ("200B) in font ec-lmss9!
Missing character: There is no  ("200B) in font ec-lmss9!
Missing character: There is no  ("200B) in font ec-lmss9!
Missing character: There is no  ("200B) in font ec-lmss9!
Missing character: There is no  ("200B) in font ec-lmss9!
Missing character: There is no  ("200B) in font ec-lmss9!
Missing character: There is no  ("200B) in font ec-lmss9!
Missing character: There is no  ("200B) in font ec-lmss9!
Missing character: There is no  ("200B) in font ec-lmss9!
Missing character: There is no  ("200B) in font ec-lmss9!
Missing character: There is no  ("200B) in font ec-lmss9!
Missing character: There is no  ("200B) in font ec-lmss9!
Missing character: There is no  ("200B) in font ec-lmss9!
Missing character: There is no  ("200B) in font ec-lmss9!
Missing character: There is no  ("200B) in font ec-lmss9!
Missing character: There is no  ("200B) in font ec-lmss9!
Missing character: There is no  ("200B) in font ec-lmss9!
Missing character: There is no  ("200B) in font ec-lmss9!
Missing character: There is no  ("200B) in font ec-lmss9!
Missing character: There is no  ("200B) in font ec-lmss9!
Missing character: There is no  ("200B) in font ec-lmss9!
Missing character: There is no  ("200B) in font ec-lmss9!
Missing character: There is no  ("200B) in font ec-lmss9!
Missing character: There is no  ("200B) in font ec-lmss9!
Missing character: There is no  ("200B) in font ec-lmss9!
Missing character: There is no  ("200B) in font ec-lmss9!
Missing character: There is no  ("200B) in font ec-lmss9!
Missing character: There is no  ("200B) in font ec-lmss9!
Missing character: There is no  ("200B) in font ec-lmss9!
Missing character: There is no  ("200B) in font ec-lmss9!
Missing character: There is no  ("200B) in font ec-lmss9!
Missing character: There is no  ("200B) in font ec-lmss9!
Missing character: There is no  ("200B) in font ec-lmss9!
Missing character: There is no  ("200B) in font ec-lmss9!
Missing character: There is no  ("200B) in font ec-lmss9!
Missing character: There is no  ("200B) in font ec-lmss9!
Missing character: There is no  ("200B) in font ec-lmss9!
Missing character: There is no  ("200B) in font ec-lmss9!
Missing character: There is no  ("200B) in font ec-lmss9!
Missing character: There is no  ("200B) in font ec-lmss9!
Missing character: There is no  ("200B) in font ec-lmss9!
Missing character: There is no  ("200B) in font ec-lmss9!
Missing character: There is no  ("200B) in font ec-lmss9!
Missing character: There is no  ("200B) in font ec-lmss9!
Missing character: There is no  ("200B) in font ec-lmss9!
Missing character: There is no  ("200B) in font ec-lmss9!
Missing character: There is no  ("200B) in font ec-lmss9!
Missing character: There is no  ("200B) in font ec-lmss9!
Missing character: There is no  ("200B) in font ec-lmss9!
Missing character: There is no  ("200B) in font ec-lmss9!
Missing character: There is no  ("200B) in font ec-lmss9!
Missing character: There is no  ("200B) in font ec-lmss9!
Missing character: There is no  ("200B) in font ec-lmss9!
Missing character: There is no  ("200B) in font ec-lmss9!
Missing character: There is no  ("200B) in font ec-lmss9!
Missing character: There is no  ("200B) in font ec-lmss9!
Missing character: There is no  ("200B) in font ec-lmss9!
Missing character: There is no  ("200B) in font ec-lmss9!
Missing character: There is no  ("200B) in font ec-lmss9!
Missing character: There is no  ("200B) in font ec-lmss9!
Missing character: There is no  ("200B) in font ec-lmss9!
Missing character: There is no  ("200B) in font ec-lmss9!
Missing character: There is no  ("200B) in font ec-lmss9!
Missing character: There is no  ("200B) in font ec-lmss9!
Missing character: There is no  ("200B) in font ec-lmss9!
Missing character: There is no  ("200B) in font ec-lmss9!
Missing character: There is no  ("200B) in font ec-lmss9!
Missing character: There is no  ("200B) in font ec-lmss9!
Missing character: There is no  ("200B) in font ec-lmss9!
Missing character: There is no  ("200B) in font ec-lmss9!
Missing character: There is no  ("200B) in font ec-lmss9!
Missing character: There is no  ("200B) in font ec-lmss9!
Missing character: There is no  ("200B) in font ec-lmss9!
Missing character: There is no  ("200B) in font ec-lmss9!
Missing character: There is no  ("200B) in font ec-lmss9!
Missing character: There is no  ("200B) in font ec-lmss9!
Missing character: There is no  ("200B) in font ec-lmss9!
Missing character: There is no  ("200B) in font ec-lmss9!
Missing character: There is no  ("200B) in font ec-lmss9!
Missing character: There is no  ("200B) in font ec-lmss9!
Missing character: There is no  ("200B) in font ec-lmss9!
Missing character: There is no  ("200B) in font ec-lmss9!
Missing character: There is no  ("200B) in font ec-lmss9!
Missing character: There is no  ("200B) in font ec-lmss9!
Missing character: There is no  ("200B) in font ec-lmss9!
Missing character: There is no  ("200B) in font ec-lmss9!
Missing character: There is no  ("200B) in font ec-lmss9!
Missing character: There is no  ("200B) in font ec-lmss9!
Missing character: There is no  ("200B) in font ec-lmss9!
Missing character: There is no  ("200B) in font ec-lmss9!
Missing character: There is no  ("200B) in font ec-lmss9!
Missing character: There is no  ("200B) in font ec-lmss9!
Missing character: There is no  ("200B) in font ec-lmss9!
Missing character: There is no  ("200B) in font ec-lmss9!
Missing character: There is no  ("200B) in font ec-lmss9!
Missing character: There is no  ("200B) in font ec-lmss9!
Missing character: There is no  ("200B) in font ec-lmss9!
Missing character: There is no  ("200B) in font ec-lmss9!
Missing character: There is no  ("200B) in font ec-lmss9!
Missing character: There is no  ("200B) in font ec-lmss9!
Missing character: There is no  ("200B) in font ec-lmss9!
Missing character: There is no  ("200B) in font ec-lmss9!
Missing character: There is no  ("200B) in font ec-lmss9!
Missing character: There is no  ("200B) in font ec-lmss9!
Missing character: There is no  ("200B) in font ec-lmss9!
Missing character: There is no  ("200B) in font ec-lmss9!
Missing character: There is no  ("200B) in font ec-lmss9!
Missing character: There is no  ("200B) in font ec-lmss9!
Missing character: There is no  ("200B) in font ec-lmss9!
Missing character: There is no  ("200B) in font ec-lmss9!
Missing character: There is no  ("200B) in font ec-lmss9!
Missing character: There is no  ("200B) in font ec-lmss9!
Missing character: There is no  ("200B) in font ec-lmss9!
Missing character: There is no  ("200B) in font ec-lmss9!
Missing character: There is no  ("200B) in font ec-lmss9!
Missing character: There is no  ("200B) in font ec-lmss9!
Missing character: There is no  ("200B) in font ec-lmss9!
Missing character: There is no  ("200B) in font ec-lmss9!
Missing character: There is no  ("200B) in font ec-lmss9!
Missing character: There is no  ("200B) in font ec-lmss9!
Missing character: There is no  ("200B) in font ec-lmss9!
Missing character: There is no  ("200B) in font ec-lmss9!
Missing character: There is no  ("200B) in font ec-lmss9!
Missing character: There is no  ("200B) in font ec-lmss9!
Missing character: There is no  ("200B) in font ec-lmss9!
Missing character: There is no  ("200B) in font ec-lmss9!
Missing character: There is no  ("200B) in font ec-lmss9!
Missing character: There is no  ("200B) in font ec-lmss9!
Missing character: There is no  ("200B) in font ec-lmss9!
Missing character: There is no  ("200B) in font ec-lmss9!
Missing character: There is no  ("200B) in font ec-lmss9!
Missing character: There is no  ("200B) in font ec-lmss9!
Missing character: There is no  ("200B) in font ec-lmss9!
Missing character: There is no  ("200B) in font ec-lmss9!
Missing character: There is no  ("200B) in font ec-lmss9!
Missing character: There is no  ("200B) in font ec-lmss9!
Missing character: There is no  ("200B) in font ec-lmss9!
Missing character: There is no  ("200B) in font ec-lmss9!
Missing character: There is no  ("200B) in font ec-lmss9!
Missing character: There is no  ("200B) in font ec-lmss9!
Missing character: There is no  ("200B) in font ec-lmss9!
Missing character: There is no  ("200B) in font ec-lmss9!
Missing character: There is no  ("200B) in font ec-lmss9!
Missing character: There is no  ("200B) in font ec-lmss9!
Missing character: There is no  ("200B) in font ec-lmss9!
Missing character: There is no  ("200B) in font ec-lmss9!
Missing character: There is no  ("200B) in font ec-lmss9!
Missing character: There is no  ("200B) in font ec-lmss9!
Missing character: There is no  ("200B) in font ec-lmss9!
Missing character: There is no  ("200B) in font ec-lmss9!
Missing character: There is no  ("200B) in font ec-lmss9!
Missing character: There is no  ("200B) in font ec-lmss9!
Missing character: There is no  ("200B) in font ec-lmss9!
Missing character: There is no  ("200B) in font ec-lmss9!
Missing character: There is no  ("200B) in font ec-lmss9!
Missing character: There is no  ("200B) in font ec-lmss9!
Missing character: There is no  ("200B) in font ec-lmss9!
Missing character: There is no  ("200B) in font ec-lmss9!
Missing character: There is no  ("200B) in font ec-lmss9!
Missing character: There is no  ("200B) in font ec-lmss9!
Missing character: There is no  ("200B) in font ec-lmss9!
Missing character: There is no  ("200B) in font ec-lmss9!
Missing character: There is no  ("200B) in font ec-lmss9!
Missing character: There is no  ("200B) in font ec-lmss9!
Missing character: There is no  ("200B) in font ec-lmss9!
Missing character: There is no  ("200B) in font ec-lmss9!
Missing character: There is no  ("200B) in font ec-lmss9!
Missing character: There is no  ("200B) in font ec-lmss9!
Missing character: There is no  ("200B) in font ec-lmss9!
Missing character: There is no  ("200B) in font ec-lmss9!
Missing character: There is no  ("200B) in font ec-lmss9!
Missing character: There is no  ("200B) in font ec-lmss9!
Missing character: There is no  ("200B) in font ec-lmss9!
Missing character: There is no  ("200B) in font ec-lmss9!
Missing character: There is no  ("200B) in font ec-lmss9!
Missing character: There is no  ("200B) in font ec-lmss9!
Missing character: There is no  ("200B) in font ec-lmss9!
Missing character: There is no  ("200B) in font ec-lmss9!
Missing character: There is no  ("200B) in font ec-lmss9!
Missing character: There is no  ("200B) in font ec-lmss9!
Missing character: There is no  ("200B) in font ec-lmss9!
Missing character: There is no  ("200B) in font ec-lmss9!
Missing character: There is no  ("200B) in font ec-lmss9!
Missing character: There is no  ("200B) in font ec-lmss9!
Missing character: There is no  ("200B) in font ec-lmss9!
Missing character: There is no  ("200B) in font ec-lmss9!
Missing character: There is no  ("200B) in font ec-lmss9!
Missing character: There is no  ("200B) in font ec-lmss9!
Missing character: There is no  ("200B) in font ec-lmss9!
Missing character: There is no  ("200B) in font ec-lmss9!
Missing character: There is no  ("200B) in font ec-lmss9!
Missing character: There is no  ("200B) in font ec-lmss9!
Missing character: There is no  ("200B) in font ec-lmss9!
Missing character: There is no  ("200B) in font ec-lmss9!
Missing character: There is no  ("200B) in font ec-lmss9!
Missing character: There is no  ("200B) in font ec-lmss9!
Missing character: There is no  ("200B) in font ec-lmss9!
Missing character: There is no  ("200B) in font ec-lmss9!
Missing character: There is no  ("200B) in font ec-lmss9!
Missing character: There is no  ("200B) in font ec-lmss9!
Missing character: There is no  ("200B) in font ec-lmss9!
Missing character: There is no  ("200B) in font ec-lmss9!
Missing character: There is no  ("200B) in font ec-lmss9!
Missing character: There is no  ("200B) in font ec-lmss9!
Missing character: There is no  ("200B) in font ec-lmss9!
Missing character: There is no  ("200B) in font ec-lmss9!
Missing character: There is no  ("200B) in font ec-lmss9!
Missing character: There is no  ("200B) in font ec-lmss9!
Missing character: There is no  ("200B) in font ec-lmss9!
Missing character: There is no  ("200B) in font ec-lmss9!
Missing character: There is no  ("200B) in font ec-lmss9!
Missing character: There is no  ("200B) in font ec-lmss9!
Missing character: There is no  ("200B) in font ec-lmss9!
Missing character: There is no  ("200B) in font ec-lmss9!
Missing character: There is no  ("200B) in font ec-lmss9!
Missing character: There is no  ("200B) in font ec-lmss9!
Missing character: There is no  ("200B) in font ec-lmss9!
Missing character: There is no  ("200B) in font ec-lmss9!
Missing character: There is no  ("200B) in font ec-lmss9!
Missing character: There is no  ("200B) in font ec-lmss9!
Missing character: There is no  ("200B) in font ec-lmss9!
Missing character: There is no  ("200B) in font ec-lmss9!
Missing character: There is no  ("200B) in font ec-lmss9!
Missing character: There is no  ("200B) in font ec-lmss9!
Missing character: There is no  ("200B) in font ec-lmss9!
Missing character: There is no  ("200B) in font ec-lmss9!
Missing character: There is no  ("200B) in font ec-lmss9!
Missing character: There is no  ("200B) in font ec-lmss9!
Missing character: There is no  ("200B) in font ec-lmss9!
Missing character: There is no  ("200B) in font ec-lmss9!
Missing character: There is no  ("200B) in font ec-lmss9!
Missing character: There is no  ("200B) in font ec-lmss9!
Missing character: There is no  ("200B) in font ec-lmss9!
Missing character: There is no  ("200B) in font ec-lmss9!
Missing character: There is no  ("200B) in font ec-lmss9!
Missing character: There is no  ("200B) in font ec-lmss9!
Missing character: There is no  ("200B) in font ec-lmss9!
Missing character: There is no  ("200B) in font ec-lmss9!
Missing character: There is no  ("200B) in font ec-lmss9!
Missing character: There is no  ("200B) in font ec-lmss9!
Missing character: There is no  ("200B) in font ec-lmss9!
Missing character: There is no  ("200B) in font ec-lmss9!
Missing character: There is no  ("200B) in font ec-lmss9!
Missing character: There is no  ("200B) in font ec-lmss9!
Missing character: There is no  ("200B) in font ec-lmss9!
Missing character: There is no  ("200B) in font ec-lmss9!
Missing character: There is no  ("200B) in font ec-lmss9!
Missing character: There is no  ("200B) in font ec-lmss9!
Missing character: There is no  ("200B) in font ec-lmss9!
Missing character: There is no  ("200B) in font ec-lmss9!
Missing character: There is no  ("200B) in font ec-lmss9!
Missing character: There is no  ("200B) in font ec-lmss9!
Missing character: There is no  ("200B) in font ec-lmss9!
Missing character: There is no  ("200B) in font ec-lmss9!
Missing character: There is no  ("200B) in font ec-lmss9!
Missing character: There is no  ("200B) in font ec-lmss9!
Missing character: There is no  ("200B) in font ec-lmss9!
Missing character: There is no  ("200B) in font ec-lmss9!
Missing character: There is no  ("200B) in font ec-lmss9!
Missing character: There is no  ("200B) in font ec-lmss9!
Missing character: There is no  ("200B) in font ec-lmss9!
Missing character: There is no  ("200B) in font ec-lmss9!
Missing character: There is no  ("200B) in font ec-lmss9!
Missing character: There is no  ("200B) in font ec-lmss9!
Missing character: There is no  ("200B) in font ec-lmss9!
Missing character: There is no  ("200B) in font ec-lmss9!
[59

] [60

] [61

]
Overfull \vbox (15.83153pt too high) detected at line 1242
 []

[62

] [63

] [64

] [65

] [66

] [67

] [68

] [69

] [70

] [71

]
Overfull \vbox (4.73766pt too high) detected at line 1406
 []

[72

] [73

] [74

]

LaTeX Font Warning: Command \footnotesize invalid in math mode on input line 1444.


LaTeX Font Warning: Command \footnotesize invalid in math mode on input line 1444.

[75

] [76

] [77

]
File: ./figure/exp1_s1.5.eps Graphic file (type eps)
<./figure/exp1_s1.5.eps>
File: ./figure/exp1_t1.5.eps Graphic file (type eps)
<./figure/exp1_t1.5.eps>

Overfull \hbox (14.59998pt too wide) in paragraph at lines 1486--1486
 [][] 
 []

[78

]
File: ./figure/exp1_s2.eps Graphic file (type eps)
<./figure/exp1_s2.eps>
File: ./figure/exp1_t2.eps Graphic file (type eps)
<./figure/exp1_t2.eps>

Overfull \hbox (14.59998pt too wide) in paragraph at lines 1503--1503
 [][] 
 []

[79

]
File: ./figure/exp1_H1.3.eps Graphic file (type eps)
<./figure/exp1_H1.3.eps>
File: ./figure/exp1_H1.6.eps Graphic file (type eps)
<./figure/exp1_H1.6.eps>

Overfull \hbox (14.59998pt too wide) in paragraph at lines 1518--1518
 [][] 
 []

[80

]
File: ./figure/exp1_H1.9.eps Graphic file (type eps)
<./figure/exp1_H1.9.eps>
File: ./figure/exp1_H2.eps Graphic file (type eps)
<./figure/exp1_H2.eps>

Overfull \hbox (14.59998pt too wide) in paragraph at lines 1535--1535
 [][] 
 []

[81

]
File: ./figure/exp1_M1.3.eps Graphic file (type eps)
<./figure/exp1_M1.3.eps>
File: ./figure/exp1_M1.6.eps Graphic file (type eps)
<./figure/exp1_M1.6.eps>

Overfull \hbox (14.59998pt too wide) in paragraph at lines 1550--1550
 [][] 
 []

[82

]
File: ./figure/exp1_M1.9.eps Graphic file (type eps)
<./figure/exp1_M1.9.eps>
File: ./figure/exp1_M2.eps Graphic file (type eps)
<./figure/exp1_M2.eps>

Overfull \hbox (14.59998pt too wide) in paragraph at lines 1567--1567
 [][] 
 []

[83

] [84

] [85

]
File: ./figure/exp1_RM1.3.eps Graphic file (type eps)
<./figure/exp1_RM1.3.eps>
File: ./figure/exp1_RM1.6.eps Graphic file (type eps)
<./figure/exp1_RM1.6.eps>
File: ./figure/exp1_RM1.9.eps Graphic file (type eps)
<./figure/exp1_RM1.9.eps>
 [86

]
File: ./figure/exp1_RH1.3.eps Graphic file (type eps)
<./figure/exp1_RH1.3.eps>
File: ./figure/exp1_RH1.6.eps Graphic file (type eps)
<./figure/exp1_RH1.6.eps>
File: ./figure/exp1_RH1.9.eps Graphic file (type eps)
<./figure/exp1_RH1.9.eps>
 [87

]
Overfull \hbox (22.16277pt too wide) detected at line 1708
[][][]\T1/lmr/m/it/10.95 u\OT1/cmr/m/n/10.95 (\T1/lmr/m/it/10.95 x\OML/cmm/m/it/10.95 ; \T1/lmr/m/it/10.95 y\OML/cmm/m/it/10.95 ; \OT1/cmr/m/n/10.95 0) = [] [] \OML/cmm/m/it/10.95 ; \T1/lmr/m/it/10.95 u[]\OT1/cmr/m/n/10.95 (\T1/lmr/m/it/10.95 x\OML/cmm/m/it/10.95 ; \T1/lmr/m/it/10.95 y\OML/cmm/m/it/10.95 ; \OT1/cmr/m/n/10.95 0) = [](\T1/lmr/m/it/10.95 x \OT1/cmr/m/n/10.95 + \T1/lmr/m/it/10.95 y\OT1/cmr/m/n/10.95 )[] [] \OML/cmm/m/it/10.95 ; \OT1/cmr/m/n/10.95 (\T1/lmr/m/it/10.95 x\OML/cmm/m/it/10.95 ; \T1/lmr/m/it/10.95 y\OML/cmm/m/it/10.95 ; \T1/lmr/m/it/10.95 t\OT1/cmr/m/n/10.95 ) \OMS/cmsy/m/n/10.95 2 \OT1/cmr/m/n/10.95 
 \OMS/cmsy/m/n/10.95 ^^B \OT1/cmr/m/n/10.95 [0\OML/cmm/m/it/10.95 ; \T1/lmr/m/it/10.95 T\OT1/cmr/m/n/10.95 ]\OML/cmm/m/it/10.95 ;
 []

[88

]
File: ./figure/exp2_s1.5.eps Graphic file (type eps)
<./figure/exp2_s1.5.eps>
File: ./figure/exp2_t1.5.eps Graphic file (type eps)
<./figure/exp2_t1.5.eps>

Overfull \hbox (14.59998pt too wide) in paragraph at lines 1727--1727
 [][] 
 []

[89

]
File: ./figure/exp2_s2.eps Graphic file (type eps)
<./figure/exp2_s2.eps>
File: ./figure/exp2_t2.eps Graphic file (type eps)
<./figure/exp2_t2.eps>

Overfull \hbox (14.59998pt too wide) in paragraph at lines 1744--1744
 [][] 
 []

[90

]
File: ./figure/exp2_M1.3.eps Graphic file (type eps)
<./figure/exp2_M1.3.eps>
File: ./figure/exp2_M1.6.eps Graphic file (type eps)
<./figure/exp2_M1.6.eps>

Overfull \hbox (14.59998pt too wide) in paragraph at lines 1760--1760
 [][] 
 []

[91

]
File: ./figure/exp2_M1.9.eps Graphic file (type eps)
<./figure/exp2_M1.9.eps>
File: ./figure/exp2_M2.eps Graphic file (type eps)
<./figure/exp2_M2.eps>

Overfull \hbox (14.59998pt too wide) in paragraph at lines 1778--1778
 [][] 
 []

[92

]
File: ./figure/exp2_H1.3.eps Graphic file (type eps)
<./figure/exp2_H1.3.eps>
File: ./figure/exp2_H1.6.eps Graphic file (type eps)
<./figure/exp2_H1.6.eps>

Overfull \hbox (14.59998pt too wide) in paragraph at lines 1796--1796
 [][] 
 []

[93

]
File: ./figure/exp2_H1.9.eps Graphic file (type eps)
<./figure/exp2_H1.9.eps>
File: ./figure/exp2_H2.eps Graphic file (type eps)
<./figure/exp2_H2.eps>

Overfull \hbox (14.59998pt too wide) in paragraph at lines 1813--1813
 [][] 
 []

[94

]
File: ./figure/exp2_RM1.3.eps Graphic file (type eps)
<./figure/exp2_RM1.3.eps>
File: ./figure/exp2_RM1.6.eps Graphic file (type eps)
<./figure/exp2_RM1.6.eps>
File: ./figure/exp2_RM1.9.eps Graphic file (type eps)
<./figure/exp2_RM1.9.eps>
 [95

]
File: ./figure/exp2_RH1.3.eps Graphic file (type eps)
<./figure/exp2_RH1.3.eps>
File: ./figure/exp2_RH1.6.eps Graphic file (type eps)
<./figure/exp2_RH1.6.eps>
File: ./figure/exp2_RH1.9.eps Graphic file (type eps)
<./figure/exp2_RH1.9.eps>
 [96

] [97

] [98

]
File: ./figure/exp2_contour3_p0.eps Graphic file (type eps)
<./figure/exp2_contour3_p0.eps>
File: ./figure/exp2_contour99_p0.eps Graphic file (type eps)
<./figure/exp2_contour99_p0.eps>
File: ./figure/exp2_contour2_p0.eps Graphic file (type eps)
<./figure/exp2_contour2_p0.eps>
 [99

]
File: ./figure/exp2_contour3_p1.eps Graphic file (type eps)
<./figure/exp2_contour3_p1.eps>
File: ./figure/exp2_contour99_p1.eps Graphic file (type eps)
<./figure/exp2_contour99_p1.eps>
File: ./figure/exp2_contour2_p1.eps Graphic file (type eps)
<./figure/exp2_contour2_p1.eps>
 [100

]
File: ./figure/exp2_contour3_p5.eps Graphic file (type eps)
<./figure/exp2_contour3_p5.eps>
File: ./figure/exp2_contour99_p5.eps Graphic file (type eps)
<./figure/exp2_contour99_p5.eps>
File: ./figure/exp2_contour2_p5.eps Graphic file (type eps)
<./figure/exp2_contour2_p5.eps>
 [101

]
File: ./figure/exp2_contour3_p10.eps Graphic file (type eps)
<./figure/exp2_contour3_p10.eps>
File: ./figure/exp2_contour99_p10.eps Graphic file (type eps)
<./figure/exp2_contour99_p10.eps>
File: ./figure/exp2_contour2_p10.eps Graphic file (type eps)
<./figure/exp2_contour2_p10.eps>
 [102

]
File: ./figure/exp2_contour3_p50.eps Graphic file (type eps)
<./figure/exp2_contour3_p50.eps>
File: ./figure/exp2_contour99_p50.eps Graphic file (type eps)
<./figure/exp2_contour99_p50.eps>
File: ./figure/exp2_contour2_p50.eps Graphic file (type eps)
<./figure/exp2_contour2_p50.eps>
 [103

]
File: ./figure/exp2_contour3_p100.eps Graphic file (type eps)
<./figure/exp2_contour3_p100.eps>
File: ./figure/exp2_contour99_p100.eps Graphic file (type eps)
<./figure/exp2_contour99_p100.eps>
File: ./figure/exp2_contour2_p100.eps Graphic file (type eps)
<./figure/exp2_contour2_p100.eps>
 [104

] (./slide.toc) [105

] [106

] [107

] (./slide.toc) [108

] (./slide.bbl

LaTeX Font Warning: Font shape `T1/lmss/m/sc' in size <8> not available
(Font)              Font shape `T1/lmr/m/sc' tried instead on input line 4.

) [109

] [110


] [111


] [112

]
LaTeX Font Info:    Font shape `T1/calligra/m/n' will be
(Font)              scaled to size 35.82726pt on input line 2518.


LaTeX Font Warning: Font shape `T1/calligra/b/n' undefined
(Font)              using `T1/calligra/m/n' instead on input line 2518.

[113

]
\tf@nav=\write6
\openout6 = `slide.nav'.

\tf@toc=\write7
\openout7 = `slide.toc'.

\tf@snm=\write8
\openout8 = `slide.snm'.

 (./slide.aux)

LaTeX Font Warning: Some font shapes were not available, defaults substituted.


LaTeX Warning: There were multiply-defined labels.

Package rerunfilecheck Info: File `slide.out' has not changed.
(rerunfilecheck)             Checksum: EC6F403B5E336878287B6E412F675BB0;700.
 ) 
Here is how much of TeX's memory you used:
 32667 strings out of 476683
 730538 string characters out of 5804047
 1874018 words of memory out of 5000000
 52081 multiletter control sequences out of 15000+600000
 703175 words of font info for 221 fonts, out of 8000000 for 9000
 1348 hyphenation exceptions out of 8191
 128i,14n,122p,559b,964s stack positions out of 10000i,1000n,20000p,200000b,200000s

Output written on slide.pdf (113 pages).
